#
# A fatal error has been detected by the Java Runtime Environment:
#
#  SIGSEGV (0xb) at pc=0x00007fff58b46e00, pid=8732, tid=775
#
# JRE version: OpenJDK Runtime Environment (12.0.2+10) (build 12.0.2+10)
# Java VM: OpenJDK 64-Bit Server VM (12.0.2+10, mixed mode, sharing, tiered, compressed oops, g1 gc, bsd-amd64)
# Problematic frame:
# C  [libsystem_platform.dylib+0x1e00]  _platform_memmove$VARIANT$Haswell+0x140
#
# No core dump will be written. Core dumps have been disabled. To enable core dumping, try "ulimit -c unlimited" before starting Java again
#
# If you would like to submit a bug report, please visit:
#   http://bugreport.java.com/bugreport/crash.jsp
# The crash happened outside the Java Virtual Machine in native code.
# See problematic frame for where to report the bug.
#

---------------  S U M M A R Y ------------

Command Line: -Dfile.encoding=UTF-8 -Duser.country=MX -Duser.language=en -Duser.variant oglib.App

Host: MacBookAir6,2 x86_64 1300 MHz, 4 cores, 4G, Darwin 18.7.0
Time: Wed Oct  9 11:23:21 2019 CDT elapsed time: 1 seconds (0d 0h 0m 1s)

---------------  T H R E A D  ---------------

Current thread (0x00007fbea3006800):  JavaThread "main" [_thread_in_native, id=775, stack(0x00007ffee6d51000,0x00007ffee7551000)]

Stack: [0x00007ffee6d51000,0x00007ffee7551000],  sp=0x00007ffee754c3a0,  free space=8172k
Native frames: (J=compiled Java code, A=aot compiled Java code, j=interpreted, Vv=VM code, C=native code)
C  [libsystem_platform.dylib+0x1e00]  _platform_memmove$VARIANT$Haswell+0x140
C  [AppleIntelHD5000GraphicsGLDriver+0x1d9f4]  glrWriteTextureData+0x14aa
C  [GLEngine+0x18d36]  glTexImage2D_Exec+0x521
C  [libGL.dylib+0x3622]  glTexImage2D+0x3b
C  [liblwjgl_opengl.dylib+0xb43e]
[error occurred during error reporting (printing native stack), id 0xe0000000, Internal Error (/scratch/mesos/slaves/a1bab71e-a362-4507-81ed-9c72a04b09cc-S132/frameworks/1735e8a2-a1db-478c-8104-60c8b0af87dd-0196/executors/f2acab4c-3d79-4ad0-b3ff-1b31891db300/runs/e5e533a1-ddca-42f7-a312-29598a9d81c2/workspace/open/src/hotspot/os/bsd/decoder_machO.hpp:43)]

Java frames: (J=compiled Java code, j=interpreted, Vv=VM code)
j  org.lwjgl.opengl.GL11C.nglTexImage2D(IIIIIIIIJ)V+0
j  org.lwjgl.opengl.GL11C.glTexImage2D(IIIIIIIILjava/nio/ByteBuffer;)V+17
j  org.lwjgl.opengl.GL11.glTexImage2D(IIIIIIIILjava/nio/ByteBuffer;)V+14
j  oglib.gui.Simple2DBuffer.draw()V+82
j  oglib.App.main([Ljava/lang/String;)V+94
v  ~StubRoutines::call_stub

siginfo: si_signo: 11 (SIGSEGV), si_code: 1 (SEGV_MAPERR), si_addr: 0x0000000129f67000

Register to memory mapping:

RAX=0x0000000129ffb500 points into unknown readable memory: 00 00 00 00 00 00 00 00
RBX=0x0000000129f66eb0 points into unknown readable memory: 00 00 00 00 00 00 00 00
RCX=0x0000000000000020 is an unknown value
RDX=0x0000000000000350 is an unknown value
RSP=0x00007ffee754c3a0 is pointing into the stack for thread: 0x00007fbea3006800
RBP=0x00007ffee754c3a0 is pointing into the stack for thread: 0x00007fbea3006800
RSI=0x0000000129f66fd0 points into unknown readable memory: 00 00 00 00 00 00 00 00
RDI=0x0000000129ffb620 points into unknown readable memory: 00 00 00 00 00 00 00 00
R8 =0x000000000000012c is an unknown value
R9 =0x0000000000000004 is an unknown value
R10=0x0000000000000003 is an unknown value
R11=0x0000000000094650 is an unknown value
R12=0x00000000000004b0 is an unknown value
R13=0x0000000000000500 is an unknown value
R14=0x000000000000004b is an unknown value
R15=0x0000000129ffb500 points into unknown readable memory: 00 00 00 00 00 00 00 00


Registers:
RAX=0x0000000129ffb500, RBX=0x0000000129f66eb0, RCX=0x0000000000000020, RDX=0x0000000000000350
RSP=0x00007ffee754c3a0, RBP=0x00007ffee754c3a0, RSI=0x0000000129f66fd0, RDI=0x0000000129ffb620
R8 =0x000000000000012c, R9 =0x0000000000000004, R10=0x0000000000000003, R11=0x0000000000094650
R12=0x00000000000004b0, R13=0x0000000000000500, R14=0x000000000000004b, R15=0x0000000129ffb500
RIP=0x00007fff58b46e00, EFLAGS=0x0000000000010202, ERR=0x0000000000000004
  TRAPNO=0x000000000000000e

Top of Stack: (sp=0x00007ffee754c3a0)
0x00007ffee754c3a0:   00007ffee754c5f0 00007fff24c159f4
0x00007ffee754c3b0:   00007ffee754c41c 000000010f7f26fc
0x00007ffee754c3c0:   0000000000000003 0000000000000000
0x00007ffee754c3d0:   0000000000064000 0000000000000096
0x00007ffee754c3e0:   00000004e754c760 0000009600000000
0x00007ffee754c3f0:   0000001600000004 0000000000000001
0x00007ffee754c400:   000000017fffffff 00000000e754c498
0x00007ffee754c410:   00007ffe00000000 0000000000000004
0x00007ffee754c420:   000000010f78d098 0000000000000500
0x00007ffee754c430:   00000000000004b0 0000000000000001
0x00007ffee754c440:   000000000000012c 00007fbea3211700
0x00007ffee754c450:   0000000000000004 0000000000000001
0x00007ffee754c460:   0000000000000000 0000000000000100
0x00007ffee754c470:   0000000000000000 0000000000000001
0x00007ffee754c480:   0000000a00008058 0000012c0000012c
0x00007ffee754c490:   0000000000000000 000000000000012c
0x00007ffee754c4a0:   00007fbe00000004 0000000000001901
0x00007ffee754c4b0:   0000000129fb5000 0000000000000000
0x00007ffee754c4c0:   00c7000000000000 0000000000010000
0x00007ffee754c4d0:   0000000000000000 0000000000000000
0x00007ffee754c4e0:   0000000000000000 0001000000c70000
0x00007ffee754c4f0:   0000000000000000 0000000000000000
0x00007ffee754c500:   0000000100000001 00007fff00000000
0x00007ffee754c510:   0000000100000000 0000000000000000
0x00007ffee754c520:   0000000000000000 0000000000000000
0x00007ffee754c530:   0000000000000004 0000000000000000
0x00007ffee754c540:   0000000000000000 000000000000012c
0x00007ffee754c550:   0000000000000000 000000000000012c
0x00007ffee754c560:   00000000a3209310 000000010f78e2b0
0x00007ffee754c570:   0000000000000000 0000000129f25000
0x00007ffee754c580:   00007fbea3211640 00000000a3211600
0x00007ffee754c590:   000000000000012c 0000000000000000 

Instructions: (pc=0x00007fff58b46e00)
0x00007fff58b46d00:   00 00 e9 a9 01 00 00 48 83 fa 10 76 56 c5 f8 10
0x00007fff58b46d10:   4c 16 f0 48 83 ea 20 76 2a c5 fc 10 06 c5 fc 11
0x00007fff58b46d20:   07 48 83 c6 20 48 83 c7 20 48 83 ea 20 72 14 c5
0x00007fff58b46d30:   fc 10 06 c5 fc 11 07 48 83 c6 20 48 83 c7 20 48
0x00007fff58b46d40:   83 ea 20 48 83 c2 10 7e 0c c5 f8 10 06 c5 f8 11
0x00007fff58b46d50:   07 c5 f8 57 c0 c5 f8 11 0c 17 c5 f0 57 c9 5d c5
0x00007fff58b46d60:   f8 77 c3 48 83 ea 08 72 10 48 8b 0e 4c 8b 04 16
0x00007fff58b46d70:   48 89 0f 4c 89 04 17 5d c3 48 83 c2 08 74 25 4d
0x00007fff58b46d80:   31 c0 42 8a 0c 06 42 88 0c 07 48 83 ea 01 74 14
0x00007fff58b46d90:   42 8a 4c 06 01 42 88 4c 07 01 49 83 c0 02 48 83
0x00007fff58b46da0:   ea 01 75 de 5d c3 66 2e 0f 1f 84 00 00 00 00 00
0x00007fff58b46db0:   c5 fc 10 06 48 83 c7 20 48 83 e7 e0 48 89 f9 48
0x00007fff58b46dc0:   29 c1 48 01 ce 48 29 ca c5 fc 10 0e c5 fc 11 00
0x00007fff58b46dd0:   c5 fc 57 c0 c5 fc 10 56 20 48 83 c6 40 48 81 ea
0x00007fff58b46de0:   80 00 00 00 76 5a 48 f7 c6 1f 00 00 00 74 31 c5
0x00007fff58b46df0:   fc 29 0f c5 fc 29 57 20 48 83 c7 40 c5 fc 10 0e
0x00007fff58b46e00:   c5 fc 10 56 20 48 83 c6 40 48 83 ea 40 77 e0 eb
0x00007fff58b46e10:   2f 66 2e 0f 1f 84 00 00 00 00 00 0f 1f 44 00 00
0x00007fff58b46e20:   c5 fc 29 0f c5 fc 29 57 20 48 83 c7 40 c5 fc 28
0x00007fff58b46e30:   0e c5 fc 28 56 20 48 83 c6 40 48 83 ea 40 77 e0
0x00007fff58b46e40:   c5 fc 10 1c 16 c5 fc 10 64 16 20 c5 fc 29 0f c5
0x00007fff58b46e50:   f4 57 c9 c5 fc 29 57 20 c5 ec 57 d2 c5 fc 11 5c
0x00007fff58b46e60:   17 40 c5 e4 57 db c5 fc 11 64 17 60 c5 dc 57 e4
0x00007fff58b46e70:   5d c5 f8 77 c3 66 2e 0f 1f 84 00 00 00 00 00 90
0x00007fff58b46e80:   48 83 ee 08 48 8b 0e 48 83 ef 08 48 89 0f 48 83
0x00007fff58b46e90:   ea 08 73 ec 48 83 c2 08 74 12 48 83 ee 01 8a 0e
0x00007fff58b46ea0:   48 83 ef 01 88 0f 48 83 ea 01 75 ee 5d c3 66 90
0x00007fff58b46eb0:   c5 fc 10 46 e0 49 89 fb 48 83 ef 01 48 83 e7 e0
0x00007fff58b46ec0:   4c 89 d9 48 29 f9 48 29 ce 48 29 ca c5 fc 10 4e
0x00007fff58b46ed0:   e0 c4 c1 7c 11 43 e0 c5 fc 10 56 c0 48 83 ee 40
0x00007fff58b46ee0:   c5 fc 57 c0 48 81 ea 80 00 00 00 76 55 48 f7 c6
0x00007fff58b46ef0:   1f 00 00 00 74 2a c5 fc 29 4f e0 c5 fc 29 57 c0 


Stack slot to memory mapping:
stack at sp + 0 slots: 0x00007ffee754c5f0 is pointing into the stack for thread: 0x00007fbea3006800
stack at sp + 1 slots: 0x00007fff24c159f4: glrWriteTextureData+0x14aa in /System/Library/Extensions/AppleIntelHD5000GraphicsGLDriver.bundle/Contents/MacOS/AppleIntelHD5000GraphicsGLDriver at 0x00007fff24bf8000
stack at sp + 2 slots: 0x00007ffee754c41c is pointing into the stack for thread: 0x00007fbea3006800
stack at sp + 3 slots: 0x000000010f7f26fc points into unknown readable memory: 00 00 00 00
stack at sp + 4 slots: 0x0000000000000003 is an unknown value
stack at sp + 5 slots: 0x0 is NULL
stack at sp + 6 slots: 0x0000000000064000 is an unknown value
stack at sp + 7 slots: 0x0000000000000096 is an unknown value


---------------  P R O C E S S  ---------------

Threads class SMR info:
_java_thread_list=0x00007fbea2e12b70, length=9, elements={
0x00007fbea3006800, 0x00007fbea480a800, 0x00007fbea3024800, 0x00007fbea480f000,
0x00007fbea4813000, 0x00007fbea3025800, 0x00007fbea307c800, 0x00007fbea3861800,
0x00007fbea3014000
}

Java Threads: ( => current thread )
=>0x00007fbea3006800 JavaThread "main" [_thread_in_native, id=775, stack(0x00007ffee6d51000,0x00007ffee7551000)]
  0x00007fbea480a800 JavaThread "Reference Handler" daemon [_thread_blocked, id=14339, stack(0x0000700003e63000,0x0000700003f63000)]
  0x00007fbea3024800 JavaThread "Finalizer" daemon [_thread_blocked, id=15107, stack(0x0000700003f66000,0x0000700004066000)]
  0x00007fbea480f000 JavaThread "Signal Dispatcher" daemon [_thread_blocked, id=16131, stack(0x0000700004069000,0x0000700004169000)]
  0x00007fbea4813000 JavaThread "C2 CompilerThread0" daemon [_thread_blocked, id=16643, stack(0x000070000416c000,0x000070000426c000)]
  0x00007fbea3025800 JavaThread "C1 CompilerThread0" daemon [_thread_blocked, id=22019, stack(0x000070000426f000,0x000070000436f000)]
  0x00007fbea307c800 JavaThread "Sweeper thread" daemon [_thread_blocked, id=43011, stack(0x0000700004372000,0x0000700004472000)]
  0x00007fbea3861800 JavaThread "Service Thread" daemon [_thread_blocked, id=23043, stack(0x0000700004475000,0x0000700004575000)]
  0x00007fbea3014000 JavaThread "Common-Cleaner" daemon [_thread_blocked, id=41987, stack(0x000070000467b000,0x000070000477b000)]

Other Threads:
  0x00007fbea3023800 VMThread "VM Thread" [stack: 0x0000700003d60000,0x0000700003e60000] [id=13827]
  0x00007fbea484b800 WatcherThread [stack: 0x0000700004578000,0x0000700004678000] [id=23555]
  0x00007fbea3823000 GCTaskThread "GC Thread#0" [stack: 0x0000700003851000,0x0000700003951000] [id=20995]
  0x00007fbea382a000 ConcurrentGCThread "G1 Main Marker" [stack: 0x0000700003954000,0x0000700003a54000] [id=12291]
  0x00007fbea382a800 ConcurrentGCThread "G1 Conc#0" [stack: 0x0000700003a57000,0x0000700003b57000] [id=20227]
  0x00007fbea385b800 ConcurrentGCThread "G1 Refine#0" [stack: 0x0000700003b5a000,0x0000700003c5a000] [id=19715]
  0x00007fbea300a800 ConcurrentGCThread "G1 Young RemSet Sampling" [stack: 0x0000700003c5d000,0x0000700003d5d000] [id=13059]

Threads with active compile tasks:

VM state:not at safepoint (normal execution)

VM Mutex/Monitor currently owned by a thread: None

Heap address: 0x00000007c0000000, size: 1024 MB, Compressed Oops mode: Zero based, Oop shift amount: 3
Narrow klass base: 0x0000000800000000, Narrow klass shift: 3
Compressed class space size: 1073741824 Address: 0x00000008010fe000

Heap:
 garbage-first heap   total 67584K, used 13024K [0x00000007c0000000, 0x0000000800000000)
  region size 1024K, 14 young (14336K), 0 survivors (0K)
 Metaspace       used 4471K, capacity 7375K, committed 7552K, reserved 1056768K
  class space    used 275K, capacity 568K, committed 640K, reserved 1048576K
Heap Regions: E=young(eden), S=young(survivor), O=old, HS=humongous(starts), HC=humongous(continues), CS=collection set, F=free, A=archive, TAMS=top-at-mark-start (previous, next)
|   0|0x00000007c0000000, 0x00000007c0000000, 0x00000007c0100000|  0%| F|  |TAMS 0x00000007c0000000, 0x00000007c0000000| Untracked 
|   1|0x00000007c0100000, 0x00000007c0100000, 0x00000007c0200000|  0%| F|  |TAMS 0x00000007c0100000, 0x00000007c0100000| Untracked 
|   2|0x00000007c0200000, 0x00000007c0200000, 0x00000007c0300000|  0%| F|  |TAMS 0x00000007c0200000, 0x00000007c0200000| Untracked 
|   3|0x00000007c0300000, 0x00000007c0300000, 0x00000007c0400000|  0%| F|  |TAMS 0x00000007c0300000, 0x00000007c0300000| Untracked 
|   4|0x00000007c0400000, 0x00000007c0400000, 0x00000007c0500000|  0%| F|  |TAMS 0x00000007c0400000, 0x00000007c0400000| Untracked 
|   5|0x00000007c0500000, 0x00000007c0500000, 0x00000007c0600000|  0%| F|  |TAMS 0x00000007c0500000, 0x00000007c0500000| Untracked 
|   6|0x00000007c0600000, 0x00000007c0600000, 0x00000007c0700000|  0%| F|  |TAMS 0x00000007c0600000, 0x00000007c0600000| Untracked 
|   7|0x00000007c0700000, 0x00000007c0700000, 0x00000007c0800000|  0%| F|  |TAMS 0x00000007c0700000, 0x00000007c0700000| Untracked 
|   8|0x00000007c0800000, 0x00000007c0800000, 0x00000007c0900000|  0%| F|  |TAMS 0x00000007c0800000, 0x00000007c0800000| Untracked 
|   9|0x00000007c0900000, 0x00000007c0900000, 0x00000007c0a00000|  0%| F|  |TAMS 0x00000007c0900000, 0x00000007c0900000| Untracked 
|  10|0x00000007c0a00000, 0x00000007c0a00000, 0x00000007c0b00000|  0%| F|  |TAMS 0x00000007c0a00000, 0x00000007c0a00000| Untracked 
|  11|0x00000007c0b00000, 0x00000007c0b00000, 0x00000007c0c00000|  0%| F|  |TAMS 0x00000007c0b00000, 0x00000007c0b00000| Untracked 
|  12|0x00000007c0c00000, 0x00000007c0c00000, 0x00000007c0d00000|  0%| F|  |TAMS 0x00000007c0c00000, 0x00000007c0c00000| Untracked 
|  13|0x00000007c0d00000, 0x00000007c0d00000, 0x00000007c0e00000|  0%| F|  |TAMS 0x00000007c0d00000, 0x00000007c0d00000| Untracked 
|  14|0x00000007c0e00000, 0x00000007c0e00000, 0x00000007c0f00000|  0%| F|  |TAMS 0x00000007c0e00000, 0x00000007c0e00000| Untracked 
|  15|0x00000007c0f00000, 0x00000007c0f00000, 0x00000007c1000000|  0%| F|  |TAMS 0x00000007c0f00000, 0x00000007c0f00000| Untracked 
|  16|0x00000007c1000000, 0x00000007c1000000, 0x00000007c1100000|  0%| F|  |TAMS 0x00000007c1000000, 0x00000007c1000000| Untracked 
|  17|0x00000007c1100000, 0x00000007c1100000, 0x00000007c1200000|  0%| F|  |TAMS 0x00000007c1100000, 0x00000007c1100000| Untracked 
|  18|0x00000007c1200000, 0x00000007c1200000, 0x00000007c1300000|  0%| F|  |TAMS 0x00000007c1200000, 0x00000007c1200000| Untracked 
|  19|0x00000007c1300000, 0x00000007c1300000, 0x00000007c1400000|  0%| F|  |TAMS 0x00000007c1300000, 0x00000007c1300000| Untracked 
|  20|0x00000007c1400000, 0x00000007c1400000, 0x00000007c1500000|  0%| F|  |TAMS 0x00000007c1400000, 0x00000007c1400000| Untracked 
|  21|0x00000007c1500000, 0x00000007c1500000, 0x00000007c1600000|  0%| F|  |TAMS 0x00000007c1500000, 0x00000007c1500000| Untracked 
|  22|0x00000007c1600000, 0x00000007c1600000, 0x00000007c1700000|  0%| F|  |TAMS 0x00000007c1600000, 0x00000007c1600000| Untracked 
|  23|0x00000007c1700000, 0x00000007c1700000, 0x00000007c1800000|  0%| F|  |TAMS 0x00000007c1700000, 0x00000007c1700000| Untracked 
|  24|0x00000007c1800000, 0x00000007c1800000, 0x00000007c1900000|  0%| F|  |TAMS 0x00000007c1800000, 0x00000007c1800000| Untracked 
|  25|0x00000007c1900000, 0x00000007c1900000, 0x00000007c1a00000|  0%| F|  |TAMS 0x00000007c1900000, 0x00000007c1900000| Untracked 
|  26|0x00000007c1a00000, 0x00000007c1a00000, 0x00000007c1b00000|  0%| F|  |TAMS 0x00000007c1a00000, 0x00000007c1a00000| Untracked 
|  27|0x00000007c1b00000, 0x00000007c1b00000, 0x00000007c1c00000|  0%| F|  |TAMS 0x00000007c1b00000, 0x00000007c1b00000| Untracked 
|  28|0x00000007c1c00000, 0x00000007c1c00000, 0x00000007c1d00000|  0%| F|  |TAMS 0x00000007c1c00000, 0x00000007c1c00000| Untracked 
|  29|0x00000007c1d00000, 0x00000007c1d00000, 0x00000007c1e00000|  0%| F|  |TAMS 0x00000007c1d00000, 0x00000007c1d00000| Untracked 
|  30|0x00000007c1e00000, 0x00000007c1e00000, 0x00000007c1f00000|  0%| F|  |TAMS 0x00000007c1e00000, 0x00000007c1e00000| Untracked 
|  31|0x00000007c1f00000, 0x00000007c1f00000, 0x00000007c2000000|  0%| F|  |TAMS 0x00000007c1f00000, 0x00000007c1f00000| Untracked 
|  32|0x00000007c2000000, 0x00000007c2000000, 0x00000007c2100000|  0%| F|  |TAMS 0x00000007c2000000, 0x00000007c2000000| Untracked 
|  33|0x00000007c2100000, 0x00000007c2100000, 0x00000007c2200000|  0%| F|  |TAMS 0x00000007c2100000, 0x00000007c2100000| Untracked 
|  34|0x00000007c2200000, 0x00000007c2200000, 0x00000007c2300000|  0%| F|  |TAMS 0x00000007c2200000, 0x00000007c2200000| Untracked 
|  35|0x00000007c2300000, 0x00000007c2300000, 0x00000007c2400000|  0%| F|  |TAMS 0x00000007c2300000, 0x00000007c2300000| Untracked 
|  36|0x00000007c2400000, 0x00000007c2400000, 0x00000007c2500000|  0%| F|  |TAMS 0x00000007c2400000, 0x00000007c2400000| Untracked 
|  37|0x00000007c2500000, 0x00000007c2500000, 0x00000007c2600000|  0%| F|  |TAMS 0x00000007c2500000, 0x00000007c2500000| Untracked 
|  38|0x00000007c2600000, 0x00000007c2600000, 0x00000007c2700000|  0%| F|  |TAMS 0x00000007c2600000, 0x00000007c2600000| Untracked 
|  39|0x00000007c2700000, 0x00000007c2700000, 0x00000007c2800000|  0%| F|  |TAMS 0x00000007c2700000, 0x00000007c2700000| Untracked 
|  40|0x00000007c2800000, 0x00000007c2800000, 0x00000007c2900000|  0%| F|  |TAMS 0x00000007c2800000, 0x00000007c2800000| Untracked 
|  41|0x00000007c2900000, 0x00000007c2900000, 0x00000007c2a00000|  0%| F|  |TAMS 0x00000007c2900000, 0x00000007c2900000| Untracked 
|  42|0x00000007c2a00000, 0x00000007c2a00000, 0x00000007c2b00000|  0%| F|  |TAMS 0x00000007c2a00000, 0x00000007c2a00000| Untracked 
|  43|0x00000007c2b00000, 0x00000007c2b00000, 0x00000007c2c00000|  0%| F|  |TAMS 0x00000007c2b00000, 0x00000007c2b00000| Untracked 
|  44|0x00000007c2c00000, 0x00000007c2c00000, 0x00000007c2d00000|  0%| F|  |TAMS 0x00000007c2c00000, 0x00000007c2c00000| Untracked 
|  45|0x00000007c2d00000, 0x00000007c2d00000, 0x00000007c2e00000|  0%| F|  |TAMS 0x00000007c2d00000, 0x00000007c2d00000| Untracked 
|  46|0x00000007c2e00000, 0x00000007c2e00000, 0x00000007c2f00000|  0%| F|  |TAMS 0x00000007c2e00000, 0x00000007c2e00000| Untracked 
|  47|0x00000007c2f00000, 0x00000007c2f00000, 0x00000007c3000000|  0%| F|  |TAMS 0x00000007c2f00000, 0x00000007c2f00000| Untracked 
|  48|0x00000007c3000000, 0x00000007c3000000, 0x00000007c3100000|  0%| F|  |TAMS 0x00000007c3000000, 0x00000007c3000000| Untracked 
|  49|0x00000007c3100000, 0x00000007c3100000, 0x00000007c3200000|  0%| F|  |TAMS 0x00000007c3100000, 0x00000007c3100000| Untracked 
|  50|0x00000007c3200000, 0x00000007c32a5de0, 0x00000007c3300000| 64%| E|  |TAMS 0x00000007c3200000, 0x00000007c3200000| Complete 
|  51|0x00000007c3300000, 0x00000007c3400000, 0x00000007c3400000|100%| E|  |TAMS 0x00000007c3300000, 0x00000007c3300000| Complete 
|  52|0x00000007c3400000, 0x00000007c3500000, 0x00000007c3500000|100%| E|CS|TAMS 0x00000007c3400000, 0x00000007c3400000| Complete 
|  53|0x00000007c3500000, 0x00000007c3600000, 0x00000007c3600000|100%| E|CS|TAMS 0x00000007c3500000, 0x00000007c3500000| Complete 
|  54|0x00000007c3600000, 0x00000007c3700000, 0x00000007c3700000|100%| E|CS|TAMS 0x00000007c3600000, 0x00000007c3600000| Complete 
|  55|0x00000007c3700000, 0x00000007c3800000, 0x00000007c3800000|100%| E|CS|TAMS 0x00000007c3700000, 0x00000007c3700000| Complete 
|  56|0x00000007c3800000, 0x00000007c3900000, 0x00000007c3900000|100%| E|CS|TAMS 0x00000007c3800000, 0x00000007c3800000| Complete 
|  57|0x00000007c3900000, 0x00000007c3a00000, 0x00000007c3a00000|100%| E|CS|TAMS 0x00000007c3900000, 0x00000007c3900000| Complete 
|  58|0x00000007c3a00000, 0x00000007c3b00000, 0x00000007c3b00000|100%| E|CS|TAMS 0x00000007c3a00000, 0x00000007c3a00000| Complete 
|  59|0x00000007c3b00000, 0x00000007c3c00000, 0x00000007c3c00000|100%| E|CS|TAMS 0x00000007c3b00000, 0x00000007c3b00000| Complete 
|  60|0x00000007c3c00000, 0x00000007c3d00000, 0x00000007c3d00000|100%| E|CS|TAMS 0x00000007c3c00000, 0x00000007c3c00000| Complete 
|  61|0x00000007c3d00000, 0x00000007c3e00000, 0x00000007c3e00000|100%| E|CS|TAMS 0x00000007c3d00000, 0x00000007c3d00000| Complete 
|  62|0x00000007c3e00000, 0x00000007c3f00000, 0x00000007c3f00000|100%| E|CS|TAMS 0x00000007c3e00000, 0x00000007c3e00000| Complete 
|  63|0x00000007c3f00000, 0x00000007c4000000, 0x00000007c4000000|100%| E|CS|TAMS 0x00000007c3f00000, 0x00000007c3f00000| Complete 
|1022|0x00000007ffe00000, 0x00000007ffe48000, 0x00000007fff00000| 28%|OA|  |TAMS 0x00000007ffe00000, 0x00000007ffe00000| Untracked 
|1023|0x00000007fff00000, 0x00000007fff70000, 0x0000000800000000| 43%|CA|  |TAMS 0x00000007fff00000, 0x00000007fff00000| Untracked 

Card table byte_map: [0x000000010a533000,0x000000010a733000] _byte_map_base: 0x0000000106733000

Marking Bits (Prev, Next): (CMBitMap*) 0x00007fbea3823618, (CMBitMap*) 0x00007fbea3823658
 Prev Bits: [0x000000010a933000, 0x000000010b933000)
 Next Bits: [0x000000010b933000, 0x000000010c933000)

Polling page: 0x0000000108727000

Metaspace:

Usage:
  Non-class:      6.65 MB capacity,     4.10 MB ( 62%) used,     2.54 MB ( 38%) free+waste,     7.81 KB ( <1%) overhead. 
      Class:    568.00 KB capacity,   275.79 KB ( 49%) used,   288.71 KB ( 51%) free+waste,     3.50 KB ( <1%) overhead. 
       Both:      7.20 MB capacity,     4.37 MB ( 61%) used,     2.82 MB ( 39%) free+waste,    11.31 KB ( <1%) overhead. 

Virtual space:
  Non-class space:        8.00 MB reserved,       6.75 MB ( 84%) committed 
      Class space:        1.00 GB reserved,     640.00 KB ( <1%) committed 
             Both:        1.01 GB reserved,       7.38 MB ( <1%) committed 

Chunk freelists:
   Non-Class:  11.62 KB
       Class:  2.00 KB
        Both:  13.62 KB

CodeHeap 'non-profiled nmethods': size=120032Kb used=216Kb max_used=216Kb free=119815Kb
 bounds [0x0000000120411000, 0x0000000120681000, 0x0000000127949000]
CodeHeap 'profiled nmethods': size=120032Kb used=1119Kb max_used=1119Kb free=118912Kb
 bounds [0x0000000118ed9000, 0x0000000119149000, 0x0000000120411000]
CodeHeap 'non-nmethods': size=5696Kb used=1420Kb max_used=1433Kb free=4275Kb
 bounds [0x0000000118949000, 0x0000000118bb9000, 0x0000000118ed9000]
 total_blobs=1725 nmethods=653 adapters=822
 compilation: enabled
              stopped_count=0, restarted_count=0
 full_count=0

Compilation events (10 events):
Event: 1.398 Thread 0x00007fbea3025800 nmethod 649 0x0000000118fec710 code [0x0000000118fec900, 0x0000000118feccd8]
Event: 1.398 Thread 0x00007fbea3025800  650       3       oglib.gui.Simple2DBuffer::set (112 bytes)
Event: 1.399 Thread 0x00007fbea4813000 nmethod 645 0x0000000120446110 code [0x00000001204462c0, 0x00000001204467b8]
Event: 1.399 Thread 0x00007fbea4813000  651       4       com.google.common.base.Preconditions::checkArgument (17 bytes)
Event: 1.399 Thread 0x00007fbea3025800 nmethod 650 0x0000000118fece10 code [0x0000000118fed080, 0x0000000118fedb68]
Event: 1.400 Thread 0x00007fbea4813000 nmethod 651 0x0000000120446a10 code [0x0000000120446ba0, 0x0000000120446bf8]
Event: 1.400 Thread 0x00007fbea4813000  652       4       oglib.gui.Simple2DBuffer::set (112 bytes)
Event: 1.402 Thread 0x00007fbea4813000 nmethod 652 0x0000000120446c90 code [0x0000000120446e20, 0x0000000120446fb8]
Event: 1.404 Thread 0x00007fbea3025800  653 % !   3       oglib.App::main @ 53 (121 bytes)
Event: 1.407 Thread 0x00007fbea3025800 nmethod 653% 0x0000000118fedf10 code [0x0000000118fee360, 0x0000000118ff00c8]

GC Heap History (0 events):
No events

Deoptimization events (2 events):
Event: 0.322 Thread 0x00007fbea3006800 Uncommon trap: reason=unstable_if action=reinterpret pc=0x0000000120411224 method=java.lang.String.isLatin1()Z @ 10 c2
Event: 1.340 Thread 0x00007fbea3006800 Uncommon trap: reason=unstable_if action=reinterpret pc=0x000000012043f784 method=java.util.LinkedHashMap.linkNodeLast(Ljava/util/LinkedHashMap$Entry;)V @ 11 c2

Classes redefined (0 events):
No events

Internal exceptions (3 events):
Event: 0.233 Thread 0x00007fbea3006800 Exception <a 'java/lang/NoSuchMethodError'{0x00000007c3d74b28}: java.lang.invoke.DelegatingMethodHandle$Holder.delegate(Ljava/lang/Object;Ljava/lang/Object;ILjava/lang/Object;)V> (0x00000007c3d74b28) thrown at [/scratch/mesos/slaves/a1bab71e-a362-4507-81e
Event: 0.235 Thread 0x00007fbea3006800 Exception <a 'java/lang/NoSuchMethodError'{0x00000007c3d7b848}: java.lang.invoke.DirectMethodHandle$Holder.invokeStaticInit(Ljava/lang/Object;Ljava/lang/Object;Ljava/lang/Object;)Ljava/lang/Object;> (0x00000007c3d7b848) thrown at [/scratch/mesos/slaves/a1
Event: 0.687 Thread 0x00007fbea3006800 Exception <a 'sun/nio/fs/UnixException'{0x00000007c3ae2120}> (0x00000007c3ae2120) thrown at [/scratch/mesos/slaves/a1bab71e-a362-4507-81ed-9c72a04b09cc-S132/frameworks/1735e8a2-a1db-478c-8104-60c8b0af87dd-0196/executors/f2acab4c-3d79-4ad0-b3ff-1b31891db30

Events (10 events):
Event: 1.386 loading class org/lwjgl/system/MultiReleaseTextDecoding
Event: 1.386 loading class org/lwjgl/system/MultiReleaseTextDecoding done
Event: 1.390 loading class oglib/gui/Simple2DBuffer
Event: 1.390 loading class oglib/gui/Simple2DBuffer done
Event: 1.391 loading class org/lwjgl/opengl/GL30C
Event: 1.391 loading class org/lwjgl/opengl/GL30C done
Event: 1.393 loading class org/lwjgl/opengl/GL21C
Event: 1.393 loading class org/lwjgl/opengl/GL21C done
Event: 1.396 loading class org/lwjgl/opengl/GL$ICDStatic$WriteOnce
Event: 1.396 loading class org/lwjgl/opengl/GL$ICDStatic$WriteOnce done


Dynamic libraries:
0x00007fff57feb000 	/usr/lib/libz.1.dylib
0x00000001086bd000 	/Users/juancgalan/.sdkman/candidates/java/12.0.2-open/lib/libjli.dylib
0x00007fff2c159000 	/System/Library/Frameworks/Cocoa.framework/Versions/A/Cocoa
0x00007fff37efd000 	/System/Library/Frameworks/Security.framework/Versions/A/Security
0x00007fff2adec000 	/System/Library/Frameworks/ApplicationServices.framework/Versions/A/ApplicationServices
0x00007fff55945000 	/usr/lib/libSystem.B.dylib
0x00007fff587e1000 	/usr/lib/system/libcache.dylib
0x00007fff587e6000 	/usr/lib/system/libcommonCrypto.dylib
0x00007fff587f1000 	/usr/lib/system/libcompiler_rt.dylib
0x00007fff587f9000 	/usr/lib/system/libcopyfile.dylib
0x00007fff58803000 	/usr/lib/system/libcorecrypto.dylib
0x00007fff5890e000 	/usr/lib/system/libdispatch.dylib
0x00007fff58948000 	/usr/lib/system/libdyld.dylib
0x00007fff58975000 	/usr/lib/system/libkeymgr.dylib
0x00007fff58983000 	/usr/lib/system/liblaunch.dylib
0x00007fff58984000 	/usr/lib/system/libmacho.dylib
0x00007fff5898a000 	/usr/lib/system/libquarantine.dylib
0x00007fff5898d000 	/usr/lib/system/libremovefile.dylib
0x00007fff5898f000 	/usr/lib/system/libsystem_asl.dylib
0x00007fff589a7000 	/usr/lib/system/libsystem_blocks.dylib
0x00007fff589a8000 	/usr/lib/system/libsystem_c.dylib
0x00007fff58a30000 	/usr/lib/system/libsystem_configuration.dylib
0x00007fff58a34000 	/usr/lib/system/libsystem_coreservices.dylib
0x00007fff58a38000 	/usr/lib/system/libsystem_darwin.dylib
0x00007fff58a3f000 	/usr/lib/system/libsystem_dnssd.dylib
0x00007fff58a46000 	/usr/lib/system/libsystem_info.dylib
0x00007fff58abb000 	/usr/lib/system/libsystem_m.dylib
0x00007fff58b07000 	/usr/lib/system/libsystem_malloc.dylib
0x00007fff58b32000 	/usr/lib/system/libsystem_networkextension.dylib
0x00007fff58b3d000 	/usr/lib/system/libsystem_notify.dylib
0x00007fff58b5a000 	/usr/lib/system/libsystem_sandbox.dylib
0x00007fff58b5e000 	/usr/lib/system/libsystem_secinit.dylib
0x00007fff58a92000 	/usr/lib/system/libsystem_kernel.dylib
0x00007fff58b45000 	/usr/lib/system/libsystem_platform.dylib
0x00007fff58b4f000 	/usr/lib/system/libsystem_pthread.dylib
0x00007fff58b61000 	/usr/lib/system/libsystem_symptoms.dylib
0x00007fff58b69000 	/usr/lib/system/libsystem_trace.dylib
0x00007fff58b80000 	/usr/lib/system/libunwind.dylib
0x00007fff58b86000 	/usr/lib/system/libxpc.dylib
0x00007fff5717c000 	/usr/lib/libobjc.A.dylib
0x00007fff55bdc000 	/usr/lib/libc++abi.dylib
0x00007fff55b88000 	/usr/lib/libc++.1.dylib
0x00007fff2c9ce000 	/System/Library/Frameworks/CoreFoundation.framework/Versions/A/CoreFoundation
0x00007fff2ec50000 	/System/Library/Frameworks/Foundation.framework/Versions/C/Foundation
0x00007fff29fe5000 	/System/Library/Frameworks/AppKit.framework/Versions/C/AppKit
0x00007fff2c557000 	/System/Library/Frameworks/CoreData.framework/Versions/A/CoreData
0x00007fff4f40b000 	/System/Library/PrivateFrameworks/RemoteViewServices.framework/Versions/A/RemoteViewServices
0x00007fff53682000 	/System/Library/PrivateFrameworks/UIFoundation.framework/Versions/A/UIFoundation
0x00007fff54d66000 	/System/Library/PrivateFrameworks/XCTTargetBootstrap.framework/Versions/A/XCTTargetBootstrap
0x00007fff2c8dd000 	/System/Library/Frameworks/CoreDisplay.framework/Versions/A/CoreDisplay
0x00007fff4a145000 	/System/Library/PrivateFrameworks/IconServices.framework/Versions/A/IconServices
0x00007fff31571000 	/System/Library/Frameworks/Metal.framework/Versions/A/Metal
0x00007fff41688000 	/System/Library/PrivateFrameworks/DesktopServicesPriv.framework/Versions/A/DesktopServicesPriv
0x00007fff564df000 	/usr/lib/libenergytrace.dylib
0x00007fff51b69000 	/System/Library/PrivateFrameworks/SkyLight.framework/Versions/A/SkyLight
0x00007fff2ce14000 	/System/Library/Frameworks/CoreGraphics.framework/Versions/A/CoreGraphics
0x00007fff28db1000 	/System/Library/Frameworks/Accelerate.framework/Versions/A/Accelerate
0x00007fff2f399000 	/System/Library/Frameworks/IOSurface.framework/Versions/A/IOSurface
0x00007fff414f4000 	/System/Library/PrivateFrameworks/DFRFoundation.framework/Versions/A/DFRFoundation
0x00007fff2b2cf000 	/System/Library/Frameworks/AudioToolbox.framework/Versions/A/AudioToolbox
0x00007fff2b548000 	/System/Library/Frameworks/AudioUnit.framework/Versions/A/AudioUnit
0x00007fff41589000 	/System/Library/PrivateFrameworks/DataDetectorsCore.framework/Versions/A/DataDetectorsCore
0x00007fff2bc5c000 	/System/Library/Frameworks/Carbon.framework/Versions/A/Frameworks/HIToolbox.framework/Versions/A/HIToolbox
0x00007fff56638000 	/usr/lib/libicucore.A.dylib
0x00007fff37470000 	/System/Library/Frameworks/QuartzCore.framework/Versions/A/QuartzCore
0x00007fff2c031000 	/System/Library/Frameworks/Carbon.framework/Versions/A/Frameworks/SpeechRecognition.framework/Versions/A/SpeechRecognition
0x00007fff55a99000 	/usr/lib/libauto.dylib
0x00007fff57edf000 	/usr/lib/libxml2.2.dylib
0x00007fff410cf000 	/System/Library/PrivateFrameworks/CoreUI.framework/Versions/A/CoreUI
0x00007fff2c442000 	/System/Library/Frameworks/CoreAudio.framework/Versions/A/CoreAudio
0x00007fff2ea85000 	/System/Library/Frameworks/DiskArbitration.framework/Versions/A/DiskArbitration
0x00007fff568e6000 	/usr/lib/liblangid.dylib
0x00007fff4b550000 	/System/Library/PrivateFrameworks/MultitouchSupport.framework/Versions/A/MultitouchSupport
0x00007fff2f308000 	/System/Library/Frameworks/IOKit.framework/Versions/A/IOKit
0x00007fff55505000 	/usr/lib/libDiagnosticMessagesClient.dylib
0x00007fff2dc23000 	/System/Library/Frameworks/CoreServices.framework/Versions/A/CoreServices
0x00007fff4d20a000 	/System/Library/PrivateFrameworks/PerformanceAnalysis.framework/Versions/A/PerformanceAnalysis
0x00007fff3665e000 	/System/Library/Frameworks/OpenGL.framework/Versions/A/OpenGL
0x00007fff2c167000 	/System/Library/Frameworks/ColorSync.framework/Versions/A/ColorSync
0x00007fff2d4a5000 	/System/Library/Frameworks/CoreImage.framework/Versions/A/CoreImage
0x00007fff2e5fb000 	/System/Library/Frameworks/CoreText.framework/Versions/A/CoreText
0x00007fff2f3fc000 	/System/Library/Frameworks/ImageIO.framework/Versions/A/ImageIO
0x00007fff3d721000 	/System/Library/PrivateFrameworks/Backup.framework/Versions/A/Backup
0x00007fff559ec000 	/usr/lib/libarchive.2.dylib
0x00007fff2b8a1000 	/System/Library/Frameworks/CFNetwork.framework/Versions/A/CFNetwork
0x00007fff38659000 	/System/Library/Frameworks/SystemConfiguration.framework/Versions/A/SystemConfiguration
0x00007fff55436000 	/usr/lib/libCRFSuite.dylib
0x00007fff55b69000 	/usr/lib/libbsm.0.dylib
0x00007fff58976000 	/usr/lib/system/libkxld.dylib
0x00007fff3cb12000 	/System/Library/PrivateFrameworks/AppleFSCompression.framework/Versions/A/AppleFSCompression
0x00007fff55805000 	/usr/lib/libOpenScriptingUtil.dylib
0x00007fff55e91000 	/usr/lib/libcoretls.dylib
0x00007fff55ea8000 	/usr/lib/libcoretls_cfhelpers.dylib
0x00007fff57913000 	/usr/lib/libpam.2.dylib
0x00007fff57ad3000 	/usr/lib/libsqlite3.dylib
0x00007fff57ecd000 	/usr/lib/libxar.1.dylib
0x00007fff55b7a000 	/usr/lib/libbz2.1.0.dylib
0x00007fff568e8000 	/usr/lib/liblzma.5.dylib
0x00007fff56d99000 	/usr/lib/libnetwork.dylib
0x00007fff559d5000 	/usr/lib/libapple_nghttp2.dylib
0x00007fff5791a000 	/usr/lib/libpcap.A.dylib
0x00007fff2dfc2000 	/System/Library/Frameworks/CoreServices.framework/Versions/A/Frameworks/FSEvents.framework/Versions/A/FSEvents
0x00007fff2dca1000 	/System/Library/Frameworks/CoreServices.framework/Versions/A/Frameworks/CarbonCore.framework/Versions/A/CarbonCore
0x00007fff2e17d000 	/System/Library/Frameworks/CoreServices.framework/Versions/A/Frameworks/Metadata.framework/Versions/A/Metadata
0x00007fff2e21c000 	/System/Library/Frameworks/CoreServices.framework/Versions/A/Frameworks/OSServices.framework/Versions/A/OSServices
0x00007fff2e267000 	/System/Library/Frameworks/CoreServices.framework/Versions/A/Frameworks/SearchKit.framework/Versions/A/SearchKit
0x00007fff2dc24000 	/System/Library/Frameworks/CoreServices.framework/Versions/A/Frameworks/AE.framework/Versions/A/AE
0x00007fff2dfcb000 	/System/Library/Frameworks/CoreServices.framework/Versions/A/Frameworks/LaunchServices.framework/Versions/A/LaunchServices
0x00007fff2df79000 	/System/Library/Frameworks/CoreServices.framework/Versions/A/Frameworks/DictionaryServices.framework/Versions/A/DictionaryServices
0x00007fff2e2cf000 	/System/Library/Frameworks/CoreServices.framework/Versions/A/Frameworks/SharedFileList.framework/Versions/A/SharedFileList
0x00007fff32639000 	/System/Library/Frameworks/NetFS.framework/Versions/A/NetFS
0x00007fff4b7b6000 	/System/Library/PrivateFrameworks/NetAuth.framework/Versions/A/NetAuth
0x00007fff5516a000 	/System/Library/PrivateFrameworks/login.framework/Versions/A/Frameworks/loginsupport.framework/Versions/A/loginsupport
0x00007fff5328b000 	/System/Library/PrivateFrameworks/TCC.framework/Versions/A/TCC
0x00007fff4072c000 	/System/Library/PrivateFrameworks/CoreNLP.framework/Versions/A/CoreNLP
0x00007fff4b24b000 	/System/Library/PrivateFrameworks/MetadataUtilities.framework/Versions/A/MetadataUtilities
0x00007fff569bd000 	/usr/lib/libmecabra.dylib
0x00007fff2aded000 	/System/Library/Frameworks/ApplicationServices.framework/Versions/A/Frameworks/ATS.framework/Versions/A/ATS
0x00007fff2b13c000 	/System/Library/Frameworks/ApplicationServices.framework/Versions/A/Frameworks/ColorSyncLegacy.framework/Versions/A/ColorSyncLegacy
0x00007fff2b1db000 	/System/Library/Frameworks/ApplicationServices.framework/Versions/A/Frameworks/HIServices.framework/Versions/A/HIServices
0x00007fff2b22e000 	/System/Library/Frameworks/ApplicationServices.framework/Versions/A/Frameworks/LangAnalysis.framework/Versions/A/LangAnalysis
0x00007fff2b23e000 	/System/Library/Frameworks/ApplicationServices.framework/Versions/A/Frameworks/PrintCore.framework/Versions/A/PrintCore
0x00007fff2b288000 	/System/Library/Frameworks/ApplicationServices.framework/Versions/A/Frameworks/QD.framework/Versions/A/QD
0x00007fff2b2c2000 	/System/Library/Frameworks/ApplicationServices.framework/Versions/A/Frameworks/SpeechSynthesis.framework/Versions/A/SpeechSynthesis
0x00007fff55c04000 	/usr/lib/libcompression.dylib
0x00007fff31841000 	/System/Library/Frameworks/MetalPerformanceShaders.framework/Versions/A/MetalPerformanceShaders
0x00007fff28dc9000 	/System/Library/Frameworks/Accelerate.framework/Versions/A/Frameworks/vImage.framework/Versions/A/vImage
0x00007fff29e43000 	/System/Library/Frameworks/Accelerate.framework/Versions/A/Frameworks/vecLib.framework/Versions/A/vecLib
0x00007fff29d8f000 	/System/Library/Frameworks/Accelerate.framework/Versions/A/Frameworks/vecLib.framework/Versions/A/libvMisc.dylib
0x00007fff29ba7000 	/System/Library/Frameworks/Accelerate.framework/Versions/A/Frameworks/vecLib.framework/Versions/A/libvDSP.dylib
0x00007fff29463000 	/System/Library/Frameworks/Accelerate.framework/Versions/A/Frameworks/vecLib.framework/Versions/A/libBLAS.dylib
0x00007fff29750000 	/System/Library/Frameworks/Accelerate.framework/Versions/A/Frameworks/vecLib.framework/Versions/A/libLAPACK.dylib
0x00007fff29afa000 	/System/Library/Frameworks/Accelerate.framework/Versions/A/Frameworks/vecLib.framework/Versions/A/libLinearAlgebra.dylib
0x00007fff29b93000 	/System/Library/Frameworks/Accelerate.framework/Versions/A/Frameworks/vecLib.framework/Versions/A/libSparseBLAS.dylib
0x00007fff29b10000 	/System/Library/Frameworks/Accelerate.framework/Versions/A/Frameworks/vecLib.framework/Versions/A/libQuadrature.dylib
0x00007fff296dd000 	/System/Library/Frameworks/Accelerate.framework/Versions/A/Frameworks/vecLib.framework/Versions/A/libBNNS.dylib
0x00007fff29b16000 	/System/Library/Frameworks/Accelerate.framework/Versions/A/Frameworks/vecLib.framework/Versions/A/libSparse.dylib
0x00007fff47a7a000 	/System/Library/PrivateFrameworks/GPUWrangler.framework/Versions/A/GPUWrangler
0x00007fff49d7a000 	/System/Library/PrivateFrameworks/IOAccelerator.framework/Versions/A/IOAccelerator
0x00007fff49d85000 	/System/Library/PrivateFrameworks/IOPresentment.framework/Versions/A/IOPresentment
0x00007fff41504000 	/System/Library/PrivateFrameworks/DSExternalDisplay.framework/Versions/A/DSExternalDisplay
0x00007fff35ab5000 	/System/Library/Frameworks/OpenGL.framework/Versions/A/Libraries/libCoreFSCache.dylib
0x00007fff31635000 	/System/Library/Frameworks/MetalPerformanceShaders.framework/Frameworks/MPSCore.framework/Versions/A/MPSCore
0x00007fff31655000 	/System/Library/Frameworks/MetalPerformanceShaders.framework/Frameworks/MPSImage.framework/Versions/A/MPSImage
0x00007fff316fa000 	/System/Library/Frameworks/MetalPerformanceShaders.framework/Frameworks/MPSNeuralNetwork.framework/Versions/A/MPSNeuralNetwork
0x00007fff316d2000 	/System/Library/Frameworks/MetalPerformanceShaders.framework/Frameworks/MPSMatrix.framework/Versions/A/MPSMatrix
0x00007fff31826000 	/System/Library/Frameworks/MetalPerformanceShaders.framework/Frameworks/MPSRayIntersector.framework/Versions/A/MPSRayIntersector
0x00007fff4b274000 	/System/Library/PrivateFrameworks/MetalTools.framework/Versions/A/MetalTools
0x00007fff3c3bc000 	/System/Library/PrivateFrameworks/AggregateDictionary.framework/Versions/A/AggregateDictionary
0x00007fff557e5000 	/usr/lib/libMobileGestalt.dylib
0x00007fff2e75e000 	/System/Library/Frameworks/CoreVideo.framework/Versions/A/CoreVideo
0x00007fff4888b000 	/System/Library/PrivateFrameworks/GraphVisualizer.framework/Versions/A/GraphVisualizer
0x00007fff4270a000 	/System/Library/PrivateFrameworks/FaceCore.framework/Versions/A/FaceCore
0x00007fff350e3000 	/System/Library/Frameworks/OpenCL.framework/Versions/A/OpenCL
0x00007fff5553d000 	/usr/lib/libFosl_dynamic.dylib
0x00007fff4c021000 	/System/Library/PrivateFrameworks/OTSVG.framework/Versions/A/OTSVG
0x00007fff2aef1000 	/System/Library/Frameworks/ApplicationServices.framework/Versions/A/Frameworks/ATS.framework/Versions/A/Resources/libFontParser.dylib
0x00007fff2b009000 	/System/Library/Frameworks/ApplicationServices.framework/Versions/A/Frameworks/ATS.framework/Versions/A/Resources/libFontRegistry.dylib
0x00007fff2f66a000 	/System/Library/Frameworks/ImageIO.framework/Versions/A/Resources/libJPEG.dylib
0x00007fff2f97c000 	/System/Library/Frameworks/ImageIO.framework/Versions/A/Resources/libTIFF.dylib
0x00007fff2f952000 	/System/Library/Frameworks/ImageIO.framework/Versions/A/Resources/libPng.dylib
0x00007fff2f588000 	/System/Library/Frameworks/ImageIO.framework/Versions/A/Resources/libGIF.dylib
0x00007fff2f58d000 	/System/Library/Frameworks/ImageIO.framework/Versions/A/Resources/libJP2.dylib
0x00007fff2f979000 	/System/Library/Frameworks/ImageIO.framework/Versions/A/Resources/libRadiance.dylib
0x00007fff3cc69000 	/System/Library/PrivateFrameworks/AppleJPEG.framework/Versions/A/AppleJPEG
0x00007fff35ac0000 	/System/Library/Frameworks/OpenGL.framework/Versions/A/Libraries/libGFXShared.dylib
0x00007fff35c83000 	/System/Library/Frameworks/OpenGL.framework/Versions/A/Libraries/libGLU.dylib
0x00007fff35ac9000 	/System/Library/Frameworks/OpenGL.framework/Versions/A/Libraries/libGL.dylib
0x00007fff35ad5000 	/System/Library/Frameworks/OpenGL.framework/Versions/A/Libraries/libGLImage.dylib
0x00007fff35ab2000 	/System/Library/Frameworks/OpenGL.framework/Versions/A/Libraries/libCVMSPluginSupport.dylib
0x00007fff35abb000 	/System/Library/Frameworks/OpenGL.framework/Versions/A/Libraries/libCoreVMClient.dylib
0x00007fff56355000 	/usr/lib/libcups.2.dylib
0x00007fff30b3c000 	/System/Library/Frameworks/Kerberos.framework/Versions/A/Kerberos
0x00007fff2f06c000 	/System/Library/Frameworks/GSS.framework/Versions/A/GSS
0x00007fff57a68000 	/usr/lib/libresolv.9.dylib
0x00007fff56547000 	/usr/lib/libiconv.2.dylib
0x00007fff48a00000 	/System/Library/PrivateFrameworks/Heimdal.framework/Versions/A/Heimdal
0x00007fff56517000 	/usr/lib/libheimdal-asn1.dylib
0x00007fff35157000 	/System/Library/Frameworks/OpenDirectory.framework/Versions/A/OpenDirectory
0x00007fff3f48f000 	/System/Library/PrivateFrameworks/CommonAuth.framework/Versions/A/CommonAuth
0x00007fff3513b000 	/System/Library/Frameworks/OpenDirectory.framework/Versions/A/Frameworks/CFOpenDirectory.framework/Versions/A/CFOpenDirectory
0x00007fff381fe000 	/System/Library/Frameworks/SecurityFoundation.framework/Versions/A/SecurityFoundation
0x00007fff3b902000 	/System/Library/PrivateFrameworks/APFS.framework/Versions/A/APFS
0x00007fff57ec9000 	/usr/lib/libutil.dylib
0x00007fff55bf2000 	/usr/lib/libcharset.1.dylib
0x00007fff3cf06000 	/System/Library/PrivateFrameworks/AppleSauce.framework/Versions/A/AppleSauce
0x00007fff3d087000 	/System/Library/PrivateFrameworks/AssertionServices.framework/Versions/A/AssertionServices
0x00007fff3d7b7000 	/System/Library/PrivateFrameworks/BaseBoard.framework/Versions/A/BaseBoard
0x00007fff56918000 	/usr/lib/libmecab.1.0.0.dylib
0x00007fff56511000 	/usr/lib/libgermantok.dylib
0x00007fff559c2000 	/usr/lib/libThaiTokenizer.dylib
0x00007fff5546d000 	/usr/lib/libChineseTokenizer.dylib
0x00007fff4a432000 	/System/Library/PrivateFrameworks/LanguageModeling.framework/Versions/A/LanguageModeling
0x00007fff40171000 	/System/Library/PrivateFrameworks/CoreEmoji.framework/Versions/A/CoreEmoji
0x00007fff4a50e000 	/System/Library/PrivateFrameworks/Lexicon.framework/Versions/A/Lexicon
0x00007fff4a551000 	/System/Library/PrivateFrameworks/LinguisticData.framework/Versions/A/LinguisticData
0x00007fff55bf3000 	/usr/lib/libcmph.dylib
0x00007fff382bc000 	/System/Library/Frameworks/ServiceManagement.framework/Versions/A/ServiceManagement
0x00007fff3d718000 	/System/Library/PrivateFrameworks/BackgroundTaskManagement.framework/Versions/A/BackgroundTaskManagement
0x00007fff57fc2000 	/usr/lib/libxslt.1.dylib
0x00007fff2bf5e000 	/System/Library/Frameworks/Carbon.framework/Versions/A/Frameworks/Ink.framework/Versions/A/Ink
0x00007fff534fd000 	/System/Library/PrivateFrameworks/TextureIO.framework/Versions/A/TextureIO
0x00007fff55a16000 	/usr/lib/libate.dylib
0x00007fff41453000 	/System/Library/PrivateFrameworks/CrashReporterSupport.framework/Versions/A/CrashReporterSupport
0x00007fff50c37000 	/System/Library/PrivateFrameworks/Sharing.framework/Versions/A/Sharing
0x00007fff3d46a000 	/System/Library/PrivateFrameworks/AuthKit.framework/Versions/A/AuthKit
0x00007fff3c9be000 	/System/Library/PrivateFrameworks/Apple80211.framework/Versions/A/Apple80211
0x00007fff411fb000 	/System/Library/PrivateFrameworks/CoreUtils.framework/Versions/A/CoreUtils
0x00007fff2e79f000 	/System/Library/Frameworks/CoreWLAN.framework/Versions/A/CoreWLAN
0x00007fff2f19b000 	/System/Library/Frameworks/IOBluetooth.framework/Versions/A/IOBluetooth
0x00007fff4f0ab000 	/System/Library/PrivateFrameworks/ProtocolBuffer.framework/Versions/A/ProtocolBuffer
0x00007fff4b4ac000 	/System/Library/PrivateFrameworks/MobileKeyBag.framework/Versions/A/MobileKeyBag
0x00007fff40a3f000 	/System/Library/PrivateFrameworks/CorePhoneNumbers.framework/Versions/A/CorePhoneNumbers
0x00007fff3cc1d000 	/System/Library/PrivateFrameworks/AppleIDAuthSupport.framework/Versions/A/AppleIDAuthSupport
0x00007fff4a405000 	/System/Library/PrivateFrameworks/KeychainCircle.framework/Versions/A/KeychainCircle
0x00007fff4f261000 	/System/Library/PrivateFrameworks/ROCKit.framework/Versions/A/ROCKit
0x00007fff413ef000 	/System/Library/PrivateFrameworks/CoreWiFi.framework/Versions/A/CoreWiFi
0x00007fff2c52c000 	/System/Library/Frameworks/CoreBluetooth.framework/Versions/A/CoreBluetooth
0x00007fff4164a000 	/System/Library/PrivateFrameworks/DebugSymbols.framework/Versions/A/DebugSymbols
0x00007fff40fbb000 	/System/Library/PrivateFrameworks/CoreSymbolication.framework/Versions/A/CoreSymbolication
0x00007fff52d18000 	/System/Library/PrivateFrameworks/Symbolication.framework/Versions/A/Symbolication
0x00007fff525bb000 	/System/Library/PrivateFrameworks/SpeechRecognitionCore.framework/Versions/A/SpeechRecognitionCore
0x0000000109000000 	/Users/juancgalan/.sdkman/candidates/java/12.0.2-open/lib/server/libjvm.dylib
0x00000001086e1000 	/Users/juancgalan/.sdkman/candidates/java/12.0.2-open/lib/libverify.dylib
0x00000001086ed000 	/Users/juancgalan/.sdkman/candidates/java/12.0.2-open/lib/libjava.dylib
0x0000000108771000 	/Users/juancgalan/.sdkman/candidates/java/12.0.2-open/lib/libzip.dylib
0x0000000108779000 	/Users/juancgalan/.sdkman/candidates/java/12.0.2-open/lib/libjimage.dylib
0x000000010f668000 	/Users/juancgalan/.sdkman/candidates/java/12.0.2-open/lib/libnio.dylib
0x000000010f676000 	/Users/juancgalan/.sdkman/candidates/java/12.0.2-open/lib/./libnet.dylib
0x000000010f73c000 	/private/var/folders/0g/2qlt9q7j4fb1b4vc0m1mh6f40000gn/T/lwjgljuancgalan/3.2.2-build-10/liblwjgl.dylib
0x000000010f983000 	/var/folders/0g/2qlt9q7j4fb1b4vc0m1mh6f40000gn/T/lwjgljuancgalan/3.2.2-build-10/libglfw.dylib
0x00007fff40bc3000 	/System/Library/PrivateFrameworks/CoreServicesInternal.framework/Versions/A/CoreServicesInternal
0x00007fff544b5000 	/System/Library/PrivateFrameworks/ViewBridge.framework/Versions/A/ViewBridge
0x00007fff28db2000 	/System/Library/Frameworks/Accelerate.framework/Versions/A/Frameworks/vImage.framework/Versions/A/Libraries/libCGInterfaces.dylib
0x000000010f799000 	/usr/lib/libobjc-trampolines.dylib
0x00007fff2b0a5000 	/System/Library/Frameworks/ApplicationServices.framework/Versions/A/Frameworks/ATS.framework/Versions/A/Resources/libTrueTypeScaler.dylib
0x00007fff3666e000 	/System/Library/Frameworks/OpenGL.framework/Versions/A/Resources/GLEngine.bundle/GLEngine
0x00007fff35b10000 	/System/Library/Frameworks/OpenGL.framework/Versions/A/Libraries/libGLProgrammability.dylib
0x00007fff24bf8000 	/System/Library/Extensions/AppleIntelHD5000GraphicsGLDriver.bundle/Contents/MacOS/AppleIntelHD5000GraphicsGLDriver
0x00007fff47a6e000 	/System/Library/PrivateFrameworks/GPUSupport.framework/Versions/A/Libraries/libGPUSupportMercury.dylib
0x00007fff36806000 	/System/Library/Frameworks/OpenGL.framework/Versions/A/Resources/GLRendererFloat.bundle/GLRendererFloat
0x00007fff350da000 	/System/Library/Frameworks/OpenCL.framework/Versions/A/Libraries/libcldcpuengine.dylib
0x00007fff56047000 	/usr/lib/libcrypto.35.dylib
0x00007fff5367b000 	/System/Library/PrivateFrameworks/TrustEvaluationAgent.framework/Versions/A/TrustEvaluationAgent
0x000000012988b000 	/private/var/folders/0g/2qlt9q7j4fb1b4vc0m1mh6f40000gn/T/lwjgljuancgalan/3.2.2-build-10/liblwjgl_opengl.dylib


VM Arguments:
jvm_args: -Dfile.encoding=UTF-8 -Duser.country=MX -Duser.language=en -Duser.variant 
java_command: oglib.App
java_class_path (initial): /Users/juancgalan/projects/java/src/github.com/zenathark/learnopengl-java/build/classes/java/main:/Users/juancgalan/projects/java/src/github.com/zenathark/learnopengl-java/build/classes/groovy/main:/Users/juancgalan/projects/java/src/github.com/zenathark/learnopengl-java/build/resources/main:/Users/juancgalan/.gradle/caches/modules-2/files-2.1/org.lwjgl/lwjgl-opengl/3.2.2/6ac5bb88b44c43ea195a570aab059f63da004cd8/lwjgl-opengl-3.2.2.jar:/Users/juancgalan/.gradle/caches/modules-2/files-2.1/org.lwjgl/lwjgl-opengl/3.2.2/d8dcdc91066cae2d2d8279cb4a9f9f05d9525826/lwjgl-opengl-3.2.2-natives-windows.jar:/Users/juancgalan/.gradle/caches/modules-2/files-2.1/org.lwjgl/lwjgl-opengl/3.2.2/338d33387919cb3f4cdba143c2b738a71ccfda60/lwjgl-opengl-3.2.2-natives-linux.jar:/Users/juancgalan/.gradle/caches/modules-2/files-2.1/org.lwjgl/lwjgl-opengl/3.2.2/cf4f43e69ee70d8ebfbb6ba93dec9016339e4fdc/lwjgl-opengl-3.2.2-natives-macos.jar:/Users/juancgalan/.gradle/caches/modules-2/files-2.1/org.lwjgl/lwjgl-glfw/3.2.2/d3ad4df38e400b8afba1de63f84338809399df5b/lwjgl-glfw-3.2.2.jar:/Users/juancgalan/.gradle/caches/modules-2/files-2.1/org.lwjgl/lwjgl-glfw/3.2.2/dc6826d636bf796b33a49038c354210e661bfc17/lwjgl-glfw-3.2.2-natives-windows.jar:/Users/juancgalan/.gradle/caches/modules-2/files-2.1/org.lwjgl/lwjgl-glfw/3.2.2/957733f26a6661d4883da0335f7ef46d3bbbd7d/lwjgl-glfw-3.2.2-natives-linux.jar:/Users/juancgalan/.gradle/caches/modules-2/files-2.1/org.lwjgl/lwjgl-glfw/3.2.2/98f745038d17ac3192fcd01dc44126b03ec1570d/lwjgl-glfw-3.2.2-natives-macos.jar:/Users/juancgalan/.gradle/caches/modules-2/files-2.1/org.lwjgl/lwjgl/3.2.2/8ad6294407e15780b43e84929c40e4c5e997972e/lwjgl-3.2.2.jar:/Users/juancgalan/.gradle/caches/modules-2/files-2.1/org.lwjgl/lwjgl/3.2.2/5359f3aa50d36352815fc662ea73e1c00d22170/lwjgl-3.2.2-natives-windows.jar:/Users/juancgalan/.gradle/caches/modules-2/files-2.1/org.lwjgl/lwjgl/3.2.2/ae7976827ca2a3741f6b9a843a89bacd637af350/lwjgl-3.2.2-natives-linux.jar:/Users/juancga
Launcher Type: SUN_STANDARD

[Global flags]
     intx CICompilerCount                          = 3                                         {product} {ergonomic}
     uint ConcGCThreads                            = 1                                         {product} {ergonomic}
     uint G1ConcRefinementThreads                  = 4                                         {product} {ergonomic}
   size_t G1HeapRegionSize                         = 1048576                                   {product} {ergonomic}
    uintx GCDrainStackTargetSize                   = 64                                        {product} {ergonomic}
   size_t InitialHeapSize                          = 67108864                                  {product} {ergonomic}
   size_t MarkStackSize                            = 4194304                                   {product} {ergonomic}
   size_t MaxHeapSize                              = 1073741824                                {product} {ergonomic}
   size_t MaxNewSize                               = 643825664                                 {product} {ergonomic}
   size_t MinHeapDeltaBytes                        = 1048576                                   {product} {ergonomic}
    uintx NonNMethodCodeHeapSize                   = 5830732                                {pd product} {ergonomic}
    uintx NonProfiledCodeHeapSize                  = 122913754                              {pd product} {ergonomic}
    uintx ProfiledCodeHeapSize                     = 122913754                              {pd product} {ergonomic}
    uintx ReservedCodeCacheSize                    = 251658240                              {pd product} {ergonomic}
     bool SegmentedCodeCache                       = true                                      {product} {ergonomic}
     bool UseCompressedClassPointers               = true                                 {lp64_product} {ergonomic}
     bool UseCompressedOops                        = true                                 {lp64_product} {ergonomic}
     bool UseG1GC                                  = true                                      {product} {ergonomic}

Logging:
Log output configuration:
 #0: stdout all=warning uptime,level,tags
 #1: stderr all=off uptime,level,tags

Environment Variables:
JAVA_HOME=/Users/juancgalan/.sdkman/candidates/java/current
PATH=/Applications/Julia-1.2.app/Contents/Resources/julia/bin:/Users/juancgalan/.pyenv/shims:/Users/juancgalan/.cargo/bin:/usr/local/bin:/usr/bin:/bin:/usr/sbin:/sbin:/Library/TeX/texbin:/usr/local/bin/nvim:/usr/local/share/dotnet:~/.dotnet/tools:/Library/Frameworks/Mono.framework/Versions/Current/Commands:/Users/juancgalan/.pyenv/bin:/Users/juancgalan/.rbenv/bin:/Users/juancgalan/.pyenv/shims:/Users/juancgalan/.cargo/bin:/Applications/Julia-1.2.app/Contents/Resources/julia/bin:/Users/juancgalan/.sdkman/candidates/scala/current/bin:/Users/juancgalan/.sdkman/candidates/sbt/current/bin:/Users/juancgalan/.sdkman/candidates/java/current/bin:/Users/juancgalan/.sdkman/candidates/gradle/current/bin:/usr/texbin:/Applications/Visual Studio Code.app/Contents/Resources/app/bin:/Applications/Julia-1.1.app/Contents/Resources/julia/bin:/Users/juancgalan/projects/golang/bin:/usr/local/opt/go/libexec/bin:/Users/juancgalan/.fzf/bin
SHELL=/usr/local/bin/zsh

Signal Handlers:
SIGSEGV: [libjvm.dylib+0x735568], sa_mask[0]=11111111011111110111111111111111, sa_flags=SA_ONSTACK|SA_RESTART|SA_SIGINFO
SIGBUS: [libjvm.dylib+0x735568], sa_mask[0]=11111111011111110111111111111111, sa_flags=SA_RESTART|SA_SIGINFO
SIGFPE: [libjvm.dylib+0x735568], sa_mask[0]=11111111011111110111111111111111, sa_flags=SA_RESTART|SA_SIGINFO
SIGPIPE: [libjvm.dylib+0x5dcfee], sa_mask[0]=11111111011111110111111111111111, sa_flags=SA_RESTART|SA_SIGINFO
SIGXFSZ: [libjvm.dylib+0x5dcfee], sa_mask[0]=11111111011111110111111111111111, sa_flags=SA_RESTART|SA_SIGINFO
SIGILL: [libjvm.dylib+0x735568], sa_mask[0]=11111111011111110111111111111111, sa_flags=SA_RESTART|SA_SIGINFO
SIGUSR2: [libjvm.dylib+0x5dd5d3], sa_mask[0]=00100000000000000000000000000000, sa_flags=SA_RESTART|SA_SIGINFO
SIGHUP: [libjvm.dylib+0x5dc293], sa_mask[0]=11111111011111110111111111111111, sa_flags=SA_RESTART|SA_SIGINFO
SIGINT: [libjvm.dylib+0x5dc293], sa_mask[0]=11111111011111110111111111111111, sa_flags=SA_RESTART|SA_SIGINFO
SIGTERM: [libjvm.dylib+0x5dc293], sa_mask[0]=11111111011111110111111111111111, sa_flags=SA_RESTART|SA_SIGINFO
SIGQUIT: [libjvm.dylib+0x5dc293], sa_mask[0]=11111111011111110111111111111111, sa_flags=SA_RESTART|SA_SIGINFO


---------------  S Y S T E M  ---------------

OS:uname:Darwin 18.7.0 Darwin Kernel Version 18.7.0: Tue Aug 20 16:57:14 PDT 2019; root:xnu-4903.271.2~2/RELEASE_X86_64 x86_64
rlimit: STACK 8192k, CORE 0k, NPROC 709, NOFILE 10240, AS infinity, DATA infinity, FSIZE infinity
load average:4.07 3.73 3.20

CPU:total 4 (initial active 4) (2 cores per cpu, 2 threads per core) family 6 model 69 stepping 1, cmov, cx8, fxsr, mmx, sse, sse2, sse3, ssse3, sse4.1, sse4.2, popcnt, avx, avx2, aes, clmul, erms, lzcnt, ht, tsc, tscinvbit, bmi1, bmi2, fma

Memory: 4k page, physical 4194304k(27816k free)

vm_info: OpenJDK 64-Bit Server VM (12.0.2+10) for bsd-amd64 JRE (12.0.2+10), built on Jul 16 2019 01:04:04 by "mach5one" with gcc 4.2.1 Compatible Apple LLVM 9.1.0 (clang-902.0.39.2)

END.
