#
# A fatal error has been detected by the Java Runtime Environment:
#
#  SIGSEGV (0xb) at pc=0x00007fff58b46e2d, pid=8843, tid=775
#
# JRE version: OpenJDK Runtime Environment (12.0.2+10) (build 12.0.2+10)
# Java VM: OpenJDK 64-Bit Server VM (12.0.2+10, mixed mode, sharing, tiered, compressed oops, g1 gc, bsd-amd64)
# Problematic frame:
# C  [libsystem_platform.dylib+0x1e2d]  _platform_memmove$VARIANT$Haswell+0x16d
#
# No core dump will be written. Core dumps have been disabled. To enable core dumping, try "ulimit -c unlimited" before starting Java again
#
# If you would like to submit a bug report, please visit:
#   http://bugreport.java.com/bugreport/crash.jsp
# The crash happened outside the Java Virtual Machine in native code.
# See problematic frame for where to report the bug.
#

---------------  S U M M A R Y ------------

Command Line: -Dfile.encoding=UTF-8 -Duser.country=MX -Duser.language=en -Duser.variant oglib.App

Host: MacBookAir6,2 x86_64 1300 MHz, 4 cores, 4G, Darwin 18.7.0
Time: Wed Oct  9 11:24:11 2019 CDT elapsed time: 1 seconds (0d 0h 0m 1s)

---------------  T H R E A D  ---------------

Current thread (0x00007fcbb8006000):  JavaThread "main" [_thread_in_native, id=775, stack(0x00007ffee1b1b000,0x00007ffee231b000)]

Stack: [0x00007ffee1b1b000,0x00007ffee231b000],  sp=0x00007ffee23163a0,  free space=8172k
Native frames: (J=compiled Java code, A=aot compiled Java code, j=interpreted, Vv=VM code, C=native code)
C  [libsystem_platform.dylib+0x1e2d]  _platform_memmove$VARIANT$Haswell+0x16d
C  [AppleIntelHD5000GraphicsGLDriver+0x1d9f4]  glrWriteTextureData+0x14aa
C  [GLEngine+0x18d36]  glTexImage2D_Exec+0x521
C  [libGL.dylib+0x3622]  glTexImage2D+0x3b
C  [liblwjgl_opengl.dylib+0xb43e]
[error occurred during error reporting (printing native stack), id 0xe0000000, Internal Error (/scratch/mesos/slaves/a1bab71e-a362-4507-81ed-9c72a04b09cc-S132/frameworks/1735e8a2-a1db-478c-8104-60c8b0af87dd-0196/executors/f2acab4c-3d79-4ad0-b3ff-1b31891db300/runs/e5e533a1-ddca-42f7-a312-29598a9d81c2/workspace/open/src/hotspot/os/bsd/decoder_machO.hpp:43)]

Java frames: (J=compiled Java code, j=interpreted, Vv=VM code)
j  org.lwjgl.opengl.GL11C.nglTexImage2D(IIIIIIIIJ)V+0
j  org.lwjgl.opengl.GL11C.glTexImage2D(IIIIIIIILjava/nio/ByteBuffer;)V+17
j  org.lwjgl.opengl.GL11.glTexImage2D(IIIIIIIILjava/nio/ByteBuffer;)V+14
j  oglib.gui.Simple2DBuffer.draw()V+82
j  oglib.App.main([Ljava/lang/String;)V+94
v  ~StubRoutines::call_stub

siginfo: si_signo: 11 (SIGSEGV), si_code: 1 (SEGV_MAPERR), si_addr: 0x000000012f7a3000

Register to memory mapping:

RAX=0x000000012f712f30 points into unknown readable memory: 00 00 00 00 00 00 00 00
RBX=0x000000012f7a2eb0 points into unknown readable memory: 00 00 00 00 00 00 00 00
RCX=0x0000000000000010 is an unknown value
RDX=0x0000000000000320 is an unknown value
RSP=0x00007ffee23163a0 is pointing into the stack for thread: 0x00007fcbb8006000
RBP=0x00007ffee23163a0 is pointing into the stack for thread: 0x00007fcbb8006000
RSI=0x000000012f7a3000 is an unknown value
RDI=0x000000012f713080 points into unknown readable memory: 00 00 00 00 01 01 01 01
R8 =0x000000000000012c is an unknown value
R9 =0x00007fff250ab860: _ZN4IGBL23blit3d_prepare_commandsERKNS_9CallbacksEPNS_10BlitParamsEPNS_15BlitDirectStateEjPjj+0x1d08 in /System/Library/Extensions/AppleIntelHD5000GraphicsGLDriver.bundle/Contents/MacOS/AppleIntelHD5000GraphicsGLDriver at 0x00007fff24bf8000
R10=0x00007fcbb7d8b4c8 points into unknown readable memory: 00 00 00 00 00 00 03 00
R11=0xfffffffffff70080 is an unknown value
R12=0x00000000000004b0 is an unknown value
R13=0x00000000000004b0 is an unknown value
R14=0x000000000000004b is an unknown value
R15=0x000000012f712f30 points into unknown readable memory: 00 00 00 00 00 00 00 00


Registers:
RAX=0x000000012f712f30, RBX=0x000000012f7a2eb0, RCX=0x0000000000000010, RDX=0x0000000000000320
RSP=0x00007ffee23163a0, RBP=0x00007ffee23163a0, RSI=0x000000012f7a3000, RDI=0x000000012f713080
R8 =0x000000000000012c, R9 =0x00007fff250ab860, R10=0x00007fcbb7d8b4c8, R11=0xfffffffffff70080
R12=0x00000000000004b0, R13=0x00000000000004b0, R14=0x000000000000004b, R15=0x000000012f712f30
RIP=0x00007fff58b46e2d, EFLAGS=0x0000000000010202, ERR=0x0000000000000004
  TRAPNO=0x000000000000000e

Top of Stack: (sp=0x00007ffee23163a0)
0x00007ffee23163a0:   00007ffee23165f0 00007fff24c159f4
0x00007ffee23163b0:   00007ffee231641c 000000012be1e6fc
0x00007ffee23163c0:   0000000100000003 00007fff87bf3858
0x00007ffee23163d0:   000001cbb7cfc09c ffffffffffffffff
0x00007ffee23163e0:   0000000400000000 00007fcb00000000
0x00007ffee23163f0:   0000001600000004 0000000000000001
0x00007ffee2316400:   00007ffe7fffffff 00000000e231647c
0x00007ffee2316410:   00007ffe00000000 0000000000000004
0x00007ffee2316420:   000000010fd8c098 00000000000004b0
0x00007ffee2316430:   00000000000004b0 0000000000000001
0x00007ffee2316440:   000000000000012c 00007fcbb8ab6d00
0x00007ffee2316450:   0000000000000000 4396000043960000
0x00007ffee2316460:   0000000000000000 4396000043960000
0x00007ffee2316470:   0000000000000000 000000010fd8c000
0x00007ffee2316480:   00007ffee23164d0 0000012c0000012c
0x00007ffee2316490:   0000000000000008 000000000000012c
0x00007ffee23164a0:   0000000000000004 0000000000001901
0x00007ffee23164b0:   047e02043f0820e9 0000012c0000012c
0x00007ffee23164c0:   00c70000000004b0 0000000009010000
0x00007ffee23164d0:   0000008000000000 0000012c00000000
0x00007ffee23164e0:   00000000000001cc 0101030000c70000
0x00007ffee23164f0:   0000000000000000 0000000000000000
0x00007ffee2316500:   0000000000000000 0000000000000800
0x00007ffee2316510:   0000000400000000 00007fcbb7d8b4a0
0x00007ffee2316520:   00007fcbb7d8b4c8 00007fcbb7d8b4c8
0x00007ffee2316530:   0000000000000004 0000000000000000
0x00007ffee2316540:   0000000000000000 000000000000012c
0x00007ffee2316550:   0000000000000000 000000000000012c
0x00007ffee2316560:   00000001b8971d10 000000010fd8d2b0
0x00007ffee2316570:   0000000000000000 000000012f761000
0x00007ffee2316580:   00007fcbb8ab6c40 00000000b8ab6c00
0x00007ffee2316590:   000000000000012c 0000000000000000 

Instructions: (pc=0x00007fff58b46e2d)
0x00007fff58b46d2d:   72 14 c5 fc 10 06 c5 fc 11 07 48 83 c6 20 48 83
0x00007fff58b46d3d:   c7 20 48 83 ea 20 48 83 c2 10 7e 0c c5 f8 10 06
0x00007fff58b46d4d:   c5 f8 11 07 c5 f8 57 c0 c5 f8 11 0c 17 c5 f0 57
0x00007fff58b46d5d:   c9 5d c5 f8 77 c3 48 83 ea 08 72 10 48 8b 0e 4c
0x00007fff58b46d6d:   8b 04 16 48 89 0f 4c 89 04 17 5d c3 48 83 c2 08
0x00007fff58b46d7d:   74 25 4d 31 c0 42 8a 0c 06 42 88 0c 07 48 83 ea
0x00007fff58b46d8d:   01 74 14 42 8a 4c 06 01 42 88 4c 07 01 49 83 c0
0x00007fff58b46d9d:   02 48 83 ea 01 75 de 5d c3 66 2e 0f 1f 84 00 00
0x00007fff58b46dad:   00 00 00 c5 fc 10 06 48 83 c7 20 48 83 e7 e0 48
0x00007fff58b46dbd:   89 f9 48 29 c1 48 01 ce 48 29 ca c5 fc 10 0e c5
0x00007fff58b46dcd:   fc 11 00 c5 fc 57 c0 c5 fc 10 56 20 48 83 c6 40
0x00007fff58b46ddd:   48 81 ea 80 00 00 00 76 5a 48 f7 c6 1f 00 00 00
0x00007fff58b46ded:   74 31 c5 fc 29 0f c5 fc 29 57 20 48 83 c7 40 c5
0x00007fff58b46dfd:   fc 10 0e c5 fc 10 56 20 48 83 c6 40 48 83 ea 40
0x00007fff58b46e0d:   77 e0 eb 2f 66 2e 0f 1f 84 00 00 00 00 00 0f 1f
0x00007fff58b46e1d:   44 00 00 c5 fc 29 0f c5 fc 29 57 20 48 83 c7 40
0x00007fff58b46e2d:   c5 fc 28 0e c5 fc 28 56 20 48 83 c6 40 48 83 ea
0x00007fff58b46e3d:   40 77 e0 c5 fc 10 1c 16 c5 fc 10 64 16 20 c5 fc
0x00007fff58b46e4d:   29 0f c5 f4 57 c9 c5 fc 29 57 20 c5 ec 57 d2 c5
0x00007fff58b46e5d:   fc 11 5c 17 40 c5 e4 57 db c5 fc 11 64 17 60 c5
0x00007fff58b46e6d:   dc 57 e4 5d c5 f8 77 c3 66 2e 0f 1f 84 00 00 00
0x00007fff58b46e7d:   00 00 90 48 83 ee 08 48 8b 0e 48 83 ef 08 48 89
0x00007fff58b46e8d:   0f 48 83 ea 08 73 ec 48 83 c2 08 74 12 48 83 ee
0x00007fff58b46e9d:   01 8a 0e 48 83 ef 01 88 0f 48 83 ea 01 75 ee 5d
0x00007fff58b46ead:   c3 66 90 c5 fc 10 46 e0 49 89 fb 48 83 ef 01 48
0x00007fff58b46ebd:   83 e7 e0 4c 89 d9 48 29 f9 48 29 ce 48 29 ca c5
0x00007fff58b46ecd:   fc 10 4e e0 c4 c1 7c 11 43 e0 c5 fc 10 56 c0 48
0x00007fff58b46edd:   83 ee 40 c5 fc 57 c0 48 81 ea 80 00 00 00 76 55
0x00007fff58b46eed:   48 f7 c6 1f 00 00 00 74 2a c5 fc 29 4f e0 c5 fc
0x00007fff58b46efd:   29 57 c0 48 83 ef 40 c5 fc 10 4e e0 c5 fc 10 56
0x00007fff58b46f0d:   c0 48 83 ee 40 48 83 ea 40 77 de eb 28 66 0f 1f
0x00007fff58b46f1d:   44 00 00 c5 fc 29 4f e0 c5 fc 29 57 c0 48 83 ef 


Stack slot to memory mapping:
stack at sp + 0 slots: 0x00007ffee23165f0 is pointing into the stack for thread: 0x00007fcbb8006000
stack at sp + 1 slots: 0x00007fff24c159f4: glrWriteTextureData+0x14aa in /System/Library/Extensions/AppleIntelHD5000GraphicsGLDriver.bundle/Contents/MacOS/AppleIntelHD5000GraphicsGLDriver at 0x00007fff24bf8000
stack at sp + 2 slots: 0x00007ffee231641c is pointing into the stack for thread: 0x00007fcbb8006000
stack at sp + 3 slots: 0x000000012be1e6fc points into unknown readable memory: 00 00 00 00
stack at sp + 4 slots: 0x0000000100000003 is an unknown value
stack at sp + 5 slots: 0x00007fff87bf3858: __block_literal_global.67+0x4bc0 in /System/Library/Frameworks/CoreFoundation.framework/Versions/A/CoreFoundation at 0x00007fff2c9ce000
stack at sp + 6 slots: 0x000001cbb7cfc09c is an unknown value
stack at sp + 7 slots: 0xffffffffffffffff is an unknown value


---------------  P R O C E S S  ---------------

Threads class SMR info:
_java_thread_list=0x00007fcbb7f15710, length=9, elements={
0x00007fcbb8006000, 0x00007fcbb9014800, 0x00007fcbb9017800, 0x00007fcbb9804800,
0x00007fcbb980c800, 0x00007fcbb8810800, 0x00007fcbb8815000, 0x00007fcbb8067000,
0x00007fcbb886d800
}

Java Threads: ( => current thread )
=>0x00007fcbb8006000 JavaThread "main" [_thread_in_native, id=775, stack(0x00007ffee1b1b000,0x00007ffee231b000)]
  0x00007fcbb9014800 JavaThread "Reference Handler" daemon [_thread_blocked, id=18179, stack(0x000070000a267000,0x000070000a367000)]
  0x00007fcbb9017800 JavaThread "Finalizer" daemon [_thread_blocked, id=14595, stack(0x000070000a36a000,0x000070000a46a000)]
  0x00007fcbb9804800 JavaThread "Signal Dispatcher" daemon [_thread_blocked, id=16899, stack(0x000070000a46d000,0x000070000a56d000)]
  0x00007fcbb980c800 JavaThread "C2 CompilerThread0" daemon [_thread_blocked, id=16387, stack(0x000070000a570000,0x000070000a670000)]
  0x00007fcbb8810800 JavaThread "C1 CompilerThread0" daemon [_thread_blocked, id=22275, stack(0x000070000a673000,0x000070000a773000)]
  0x00007fcbb8815000 JavaThread "Sweeper thread" daemon [_thread_blocked, id=22531, stack(0x000070000a776000,0x000070000a876000)]
  0x00007fcbb8067000 JavaThread "Service Thread" daemon [_thread_blocked, id=22787, stack(0x000070000a879000,0x000070000a979000)]
  0x00007fcbb886d800 JavaThread "Common-Cleaner" daemon [_thread_blocked, id=23555, stack(0x000070000aa7f000,0x000070000ab7f000)]

Other Threads:
  0x00007fcbb9014000 VMThread "VM Thread" [stack: 0x000070000a164000,0x000070000a264000] [id=13827]
  0x00007fcbb80d6800 WatcherThread [stack: 0x000070000a97c000,0x000070000aa7c000] [id=23043]
  0x00007fcbb8025800 GCTaskThread "GC Thread#0" [stack: 0x0000700009c55000,0x0000700009d55000] [id=11779]
  0x00007fcbb99ec000 GCTaskThread "GC Thread#1" [stack: 0x000070000ad8e000,0x000070000ae8e000] [id=78379]
  0x00007fcbb802d000 ConcurrentGCThread "G1 Main Marker" [stack: 0x0000700009d58000,0x0000700009e58000] [id=20739]
  0x00007fcbb802d800 ConcurrentGCThread "G1 Conc#0" [stack: 0x0000700009e5b000,0x0000700009f5b000] [id=19715]
  0x00007fcbb805e800 ConcurrentGCThread "G1 Refine#0" [stack: 0x0000700009f5e000,0x000070000a05e000] [id=19459]
  0x00007fcbb9001000 ConcurrentGCThread "G1 Young RemSet Sampling" [stack: 0x000070000a061000,0x000070000a161000] [id=12803]

Threads with active compile tasks:

VM state:not at safepoint (normal execution)

VM Mutex/Monitor currently owned by a thread: None

Heap address: 0x00000007c0000000, size: 1024 MB, Compressed Oops mode: Zero based, Oop shift amount: 3
Narrow klass base: 0x0000000800000000, Narrow klass shift: 3
Compressed class space size: 1073741824 Address: 0x00000008010fe000

Heap:
 garbage-first heap   total 67584K, used 3587K [0x00000007c0000000, 0x0000000800000000)
  region size 1024K, 4 young (4096K), 2 survivors (2048K)
 Metaspace       used 4469K, capacity 7375K, committed 7808K, reserved 1056768K
  class space    used 275K, capacity 568K, committed 640K, reserved 1048576K
Heap Regions: E=young(eden), S=young(survivor), O=old, HS=humongous(starts), HC=humongous(continues), CS=collection set, F=free, A=archive, TAMS=top-at-mark-start (previous, next)
|   0|0x00000007c0000000, 0x00000007c00c8e00, 0x00000007c0100000| 78%| O|  |TAMS 0x00000007c0000000, 0x00000007c0000000| Untracked 
|   1|0x00000007c0100000, 0x00000007c0100000, 0x00000007c0200000|  0%| F|  |TAMS 0x00000007c0100000, 0x00000007c0100000| Untracked 
|   2|0x00000007c0200000, 0x00000007c0200000, 0x00000007c0300000|  0%| F|  |TAMS 0x00000007c0200000, 0x00000007c0200000| Untracked 
|   3|0x00000007c0300000, 0x00000007c0300000, 0x00000007c0400000|  0%| F|  |TAMS 0x00000007c0300000, 0x00000007c0300000| Untracked 
|   4|0x00000007c0400000, 0x00000007c0400000, 0x00000007c0500000|  0%| F|  |TAMS 0x00000007c0400000, 0x00000007c0400000| Untracked 
|   5|0x00000007c0500000, 0x00000007c0500000, 0x00000007c0600000|  0%| F|  |TAMS 0x00000007c0500000, 0x00000007c0500000| Untracked 
|   6|0x00000007c0600000, 0x00000007c0600000, 0x00000007c0700000|  0%| F|  |TAMS 0x00000007c0600000, 0x00000007c0600000| Untracked 
|   7|0x00000007c0700000, 0x00000007c0700000, 0x00000007c0800000|  0%| F|  |TAMS 0x00000007c0700000, 0x00000007c0700000| Untracked 
|   8|0x00000007c0800000, 0x00000007c0800000, 0x00000007c0900000|  0%| F|  |TAMS 0x00000007c0800000, 0x00000007c0800000| Untracked 
|   9|0x00000007c0900000, 0x00000007c0900000, 0x00000007c0a00000|  0%| F|  |TAMS 0x00000007c0900000, 0x00000007c0900000| Untracked 
|  10|0x00000007c0a00000, 0x00000007c0a00000, 0x00000007c0b00000|  0%| F|  |TAMS 0x00000007c0a00000, 0x00000007c0a00000| Untracked 
|  11|0x00000007c0b00000, 0x00000007c0b00000, 0x00000007c0c00000|  0%| F|  |TAMS 0x00000007c0b00000, 0x00000007c0b00000| Untracked 
|  12|0x00000007c0c00000, 0x00000007c0c00000, 0x00000007c0d00000|  0%| F|  |TAMS 0x00000007c0c00000, 0x00000007c0c00000| Untracked 
|  13|0x00000007c0d00000, 0x00000007c0d00000, 0x00000007c0e00000|  0%| F|  |TAMS 0x00000007c0d00000, 0x00000007c0d00000| Untracked 
|  14|0x00000007c0e00000, 0x00000007c0e00000, 0x00000007c0f00000|  0%| F|  |TAMS 0x00000007c0e00000, 0x00000007c0e00000| Untracked 
|  15|0x00000007c0f00000, 0x00000007c0f00000, 0x00000007c1000000|  0%| F|  |TAMS 0x00000007c0f00000, 0x00000007c0f00000| Untracked 
|  16|0x00000007c1000000, 0x00000007c1000000, 0x00000007c1100000|  0%| F|  |TAMS 0x00000007c1000000, 0x00000007c1000000| Untracked 
|  17|0x00000007c1100000, 0x00000007c1100000, 0x00000007c1200000|  0%| F|  |TAMS 0x00000007c1100000, 0x00000007c1100000| Untracked 
|  18|0x00000007c1200000, 0x00000007c1200000, 0x00000007c1300000|  0%| F|  |TAMS 0x00000007c1200000, 0x00000007c1200000| Untracked 
|  19|0x00000007c1300000, 0x00000007c1300000, 0x00000007c1400000|  0%| F|  |TAMS 0x00000007c1300000, 0x00000007c1300000| Untracked 
|  20|0x00000007c1400000, 0x00000007c1400000, 0x00000007c1500000|  0%| F|  |TAMS 0x00000007c1400000, 0x00000007c1400000| Untracked 
|  21|0x00000007c1500000, 0x00000007c1500000, 0x00000007c1600000|  0%| F|  |TAMS 0x00000007c1500000, 0x00000007c1500000| Untracked 
|  22|0x00000007c1600000, 0x00000007c1600000, 0x00000007c1700000|  0%| F|  |TAMS 0x00000007c1600000, 0x00000007c1600000| Untracked 
|  23|0x00000007c1700000, 0x00000007c1700000, 0x00000007c1800000|  0%| F|  |TAMS 0x00000007c1700000, 0x00000007c1700000| Untracked 
|  24|0x00000007c1800000, 0x00000007c1800000, 0x00000007c1900000|  0%| F|  |TAMS 0x00000007c1800000, 0x00000007c1800000| Untracked 
|  25|0x00000007c1900000, 0x00000007c1900000, 0x00000007c1a00000|  0%| F|  |TAMS 0x00000007c1900000, 0x00000007c1900000| Untracked 
|  26|0x00000007c1a00000, 0x00000007c1a00000, 0x00000007c1b00000|  0%| F|  |TAMS 0x00000007c1a00000, 0x00000007c1a00000| Untracked 
|  27|0x00000007c1b00000, 0x00000007c1b00000, 0x00000007c1c00000|  0%| F|  |TAMS 0x00000007c1b00000, 0x00000007c1b00000| Untracked 
|  28|0x00000007c1c00000, 0x00000007c1c00000, 0x00000007c1d00000|  0%| F|  |TAMS 0x00000007c1c00000, 0x00000007c1c00000| Untracked 
|  29|0x00000007c1d00000, 0x00000007c1d00000, 0x00000007c1e00000|  0%| F|  |TAMS 0x00000007c1d00000, 0x00000007c1d00000| Untracked 
|  30|0x00000007c1e00000, 0x00000007c1e00000, 0x00000007c1f00000|  0%| F|  |TAMS 0x00000007c1e00000, 0x00000007c1e00000| Untracked 
|  31|0x00000007c1f00000, 0x00000007c1f00000, 0x00000007c2000000|  0%| F|  |TAMS 0x00000007c1f00000, 0x00000007c1f00000| Untracked 
|  32|0x00000007c2000000, 0x00000007c2000000, 0x00000007c2100000|  0%| F|  |TAMS 0x00000007c2000000, 0x00000007c2000000| Untracked 
|  33|0x00000007c2100000, 0x00000007c2100000, 0x00000007c2200000|  0%| F|  |TAMS 0x00000007c2100000, 0x00000007c2100000| Untracked 
|  34|0x00000007c2200000, 0x00000007c2200000, 0x00000007c2300000|  0%| F|  |TAMS 0x00000007c2200000, 0x00000007c2200000| Untracked 
|  35|0x00000007c2300000, 0x00000007c2300000, 0x00000007c2400000|  0%| F|  |TAMS 0x00000007c2300000, 0x00000007c2300000| Untracked 
|  36|0x00000007c2400000, 0x00000007c2400000, 0x00000007c2500000|  0%| F|  |TAMS 0x00000007c2400000, 0x00000007c2400000| Untracked 
|  37|0x00000007c2500000, 0x00000007c2500000, 0x00000007c2600000|  0%| F|  |TAMS 0x00000007c2500000, 0x00000007c2500000| Untracked 
|  38|0x00000007c2600000, 0x00000007c2600000, 0x00000007c2700000|  0%| F|  |TAMS 0x00000007c2600000, 0x00000007c2600000| Untracked 
|  39|0x00000007c2700000, 0x00000007c2700000, 0x00000007c2800000|  0%| F|  |TAMS 0x00000007c2700000, 0x00000007c2700000| Untracked 
|  40|0x00000007c2800000, 0x00000007c2800000, 0x00000007c2900000|  0%| F|  |TAMS 0x00000007c2800000, 0x00000007c2800000| Untracked 
|  41|0x00000007c2900000, 0x00000007c2900000, 0x00000007c2a00000|  0%| F|  |TAMS 0x00000007c2900000, 0x00000007c2900000| Untracked 
|  42|0x00000007c2a00000, 0x00000007c2a00000, 0x00000007c2b00000|  0%| F|  |TAMS 0x00000007c2a00000, 0x00000007c2a00000| Untracked 
|  43|0x00000007c2b00000, 0x00000007c2b00000, 0x00000007c2c00000|  0%| F|  |TAMS 0x00000007c2b00000, 0x00000007c2b00000| Untracked 
|  44|0x00000007c2c00000, 0x00000007c2c00000, 0x00000007c2d00000|  0%| F|  |TAMS 0x00000007c2c00000, 0x00000007c2c00000| Untracked 
|  45|0x00000007c2d00000, 0x00000007c2d00000, 0x00000007c2e00000|  0%| F|  |TAMS 0x00000007c2d00000, 0x00000007c2d00000| Untracked 
|  46|0x00000007c2e00000, 0x00000007c2e00000, 0x00000007c2f00000|  0%| F|  |TAMS 0x00000007c2e00000, 0x00000007c2e00000| Untracked 
|  47|0x00000007c2f00000, 0x00000007c2f00000, 0x00000007c3000000|  0%| F|  |TAMS 0x00000007c2f00000, 0x00000007c2f00000| Untracked 
|  48|0x00000007c3000000, 0x00000007c3100000, 0x00000007c3100000|100%| S|CS|TAMS 0x00000007c3000000, 0x00000007c3000000| Complete 
|  49|0x00000007c3100000, 0x00000007c3200000, 0x00000007c3200000|100%| S|CS|TAMS 0x00000007c3100000, 0x00000007c3100000| Complete 
|  50|0x00000007c3200000, 0x00000007c3200000, 0x00000007c3300000|  0%| F|  |TAMS 0x00000007c3200000, 0x00000007c3200000| Untracked 
|  51|0x00000007c3300000, 0x00000007c3300000, 0x00000007c3400000|  0%| F|  |TAMS 0x00000007c3300000, 0x00000007c3300000| Untracked 
|  52|0x00000007c3400000, 0x00000007c3400000, 0x00000007c3500000|  0%| F|  |TAMS 0x00000007c3400000, 0x00000007c3400000| Untracked 
|  53|0x00000007c3500000, 0x00000007c3500000, 0x00000007c3600000|  0%| F|  |TAMS 0x00000007c3500000, 0x00000007c3500000| Untracked 
|  54|0x00000007c3600000, 0x00000007c3600000, 0x00000007c3700000|  0%| F|  |TAMS 0x00000007c3600000, 0x00000007c3600000| Untracked 
|  55|0x00000007c3700000, 0x00000007c3700000, 0x00000007c3800000|  0%| F|  |TAMS 0x00000007c3700000, 0x00000007c3700000| Untracked 
|  56|0x00000007c3800000, 0x00000007c3800000, 0x00000007c3900000|  0%| F|  |TAMS 0x00000007c3800000, 0x00000007c3800000| Untracked 
|  57|0x00000007c3900000, 0x00000007c3900000, 0x00000007c3a00000|  0%| F|  |TAMS 0x00000007c3900000, 0x00000007c3900000| Untracked 
|  58|0x00000007c3a00000, 0x00000007c3a00000, 0x00000007c3b00000|  0%| F|  |TAMS 0x00000007c3a00000, 0x00000007c3a00000| Untracked 
|  59|0x00000007c3b00000, 0x00000007c3b00000, 0x00000007c3c00000|  0%| F|  |TAMS 0x00000007c3b00000, 0x00000007c3b00000| Untracked 
|  60|0x00000007c3c00000, 0x00000007c3c00000, 0x00000007c3d00000|  0%| F|  |TAMS 0x00000007c3c00000, 0x00000007c3c00000| Untracked 
|  61|0x00000007c3d00000, 0x00000007c3d00000, 0x00000007c3e00000|  0%| F|  |TAMS 0x00000007c3d00000, 0x00000007c3d00000| Untracked 
|  62|0x00000007c3e00000, 0x00000007c3e83d80, 0x00000007c3f00000| 51%| E|  |TAMS 0x00000007c3e00000, 0x00000007c3e00000| Complete 
|  63|0x00000007c3f00000, 0x00000007c3fc1ec0, 0x00000007c4000000| 75%| E|  |TAMS 0x00000007c3f00000, 0x00000007c3f00000| Complete 
|1022|0x00000007ffe00000, 0x00000007ffe48000, 0x00000007fff00000| 28%|OA|  |TAMS 0x00000007ffe00000, 0x00000007ffe00000| Untracked 
|1023|0x00000007fff00000, 0x00000007fff70000, 0x0000000800000000| 43%|CA|  |TAMS 0x00000007fff00000, 0x00000007fff00000| Untracked 

Card table byte_map: [0x000000010f7d6000,0x000000010f9d6000] _byte_map_base: 0x000000010b9d6000

Marking Bits (Prev, Next): (CMBitMap*) 0x00007fcbb8026418, (CMBitMap*) 0x00007fcbb8026458
 Prev Bits: [0x000000012724a000, 0x000000012824a000)
 Next Bits: [0x000000012824a000, 0x000000012924a000)

Polling page: 0x000000010e6ba000

Metaspace:

Usage:
  Non-class:      6.65 MB capacity,     4.10 MB ( 62%) used,     2.54 MB ( 38%) free+waste,     7.81 KB ( <1%) overhead. 
      Class:    568.00 KB capacity,   275.79 KB ( 49%) used,   288.71 KB ( 51%) free+waste,     3.50 KB ( <1%) overhead. 
       Both:      7.20 MB capacity,     4.36 MB ( 61%) used,     2.83 MB ( 39%) free+waste,    11.31 KB ( <1%) overhead. 

Virtual space:
  Non-class space:        8.00 MB reserved,       7.00 MB ( 88%) committed 
      Class space:        1.00 GB reserved,     640.00 KB ( <1%) committed 
             Both:        1.01 GB reserved,       7.62 MB ( <1%) committed 

Chunk freelists:
   Non-Class:  16.12 KB
       Class:  2.00 KB
        Both:  18.12 KB

CodeHeap 'non-profiled nmethods': size=120032Kb used=202Kb max_used=202Kb free=119829Kb
 bounds [0x000000011fd12000, 0x000000011ff82000, 0x000000012724a000]
CodeHeap 'profiled nmethods': size=120032Kb used=1159Kb max_used=1159Kb free=118873Kb
 bounds [0x00000001187da000, 0x0000000118a4a000, 0x000000011fd12000]
CodeHeap 'non-nmethods': size=5696Kb used=1421Kb max_used=1434Kb free=4274Kb
 bounds [0x000000011824a000, 0x00000001184ba000, 0x00000001187da000]
 total_blobs=1724 nmethods=662 adapters=822
 compilation: enabled
              stopped_count=0, restarted_count=0
 full_count=0

Compilation events (10 events):
Event: 1.541 Thread 0x00007fcbb980c800  660       4       oglib.gui.Simple2DBuffer::set (112 bytes)
Event: 1.545 Thread 0x00007fcbb980c800 nmethod 660 0x000000011fd44610 code [0x000000011fd447a0, 0x000000011fd44938]
Event: 1.546 Thread 0x00007fcbb8810800  661 % !   3       oglib.App::main @ 53 (121 bytes)
Event: 1.550 Thread 0x00007fcbb8810800 nmethod 661% 0x00000001188f7910 code [0x00000001188f7d60, 0x00000001188f9ac8]
Event: 1.748 Thread 0x00007fcbb8810800  662       3       jdk.internal.misc.Unsafe::checkSize (32 bytes)
Event: 1.771 Thread 0x00007fcbb8810800 nmethod 662 0x00000001188fa910 code [0x00000001188faae0, 0x00000001188fade8]
Event: 1.771 Thread 0x00007fcbb8810800  663       3       java.lang.ref.Reference::clear (6 bytes)
Event: 1.772 Thread 0x00007fcbb8810800 nmethod 663 0x00000001188faf10 code [0x00000001188fb0c0, 0x00000001188fb270]
Event: 1.772 Thread 0x00007fcbb8810800  664   !   3       jdk.internal.ref.PhantomCleanable::remove (60 bytes)
Event: 1.773 Thread 0x00007fcbb8810800 nmethod 664 0x00000001188fb310 code [0x00000001188fb4e0, 0x00000001188fba70]

GC Heap History (2 events):
Event: 1.748 GC heap before
{Heap before GC invocations=0 (full 0):
 garbage-first heap   total 67584K, used 14048K [0x00000007c0000000, 0x0000000800000000)
  region size 1024K, 14 young (14336K), 0 survivors (0K)
 Metaspace       used 4467K, capacity 7375K, committed 7808K, reserved 1056768K
  class space    used 275K, capacity 568K, committed 640K, reserved 1048576K
}
Event: 1.768 GC heap after
{Heap after GC invocations=1 (full 0):
 garbage-first heap   total 67584K, used 3587K [0x00000007c0000000, 0x0000000800000000)
  region size 1024K, 2 young (2048K), 2 survivors (2048K)
 Metaspace       used 4467K, capacity 7375K, committed 7808K, reserved 1056768K
  class space    used 275K, capacity 568K, committed 640K, reserved 1048576K
}

Deoptimization events (1 events):
Event: 0.456 Thread 0x00007fcbb8006000 Uncommon trap: reason=unstable_if action=reinterpret pc=0x000000011fd12224 method=java.lang.String.isLatin1()Z @ 10 c2

Classes redefined (0 events):
No events

Internal exceptions (3 events):
Event: 0.317 Thread 0x00007fcbb8006000 Exception <a 'java/lang/NoSuchMethodError'{0x00000007c3d74b28}: java.lang.invoke.DelegatingMethodHandle$Holder.delegate(Ljava/lang/Object;Ljava/lang/Object;ILjava/lang/Object;)V> (0x00000007c3d74b28) thrown at [/scratch/mesos/slaves/a1bab71e-a362-4507-81e
Event: 0.320 Thread 0x00007fcbb8006000 Exception <a 'java/lang/NoSuchMethodError'{0x00000007c3d7b848}: java.lang.invoke.DirectMethodHandle$Holder.invokeStaticInit(Ljava/lang/Object;Ljava/lang/Object;Ljava/lang/Object;)Ljava/lang/Object;> (0x00000007c3d7b848) thrown at [/scratch/mesos/slaves/a1
Event: 0.819 Thread 0x00007fcbb8006000 Exception <a 'sun/nio/fs/UnixException'{0x00000007c3ae2120}> (0x00000007c3ae2120) thrown at [/scratch/mesos/slaves/a1bab71e-a362-4507-81ed-9c72a04b09cc-S132/frameworks/1735e8a2-a1db-478c-8104-60c8b0af87dd-0196/executors/f2acab4c-3d79-4ad0-b3ff-1b31891db30

Events (10 events):
Event: 1.771 Executing VM operation: RevokeBias
Event: 1.771 Executing VM operation: RevokeBias done
Event: 1.771 Executing VM operation: RevokeBias
Event: 1.771 Executing VM operation: RevokeBias done
Event: 1.771 Executing VM operation: RevokeBias
Event: 1.771 Executing VM operation: RevokeBias done
Event: 1.771 Executing VM operation: RevokeBias
Event: 1.771 Executing VM operation: RevokeBias done
Event: 1.771 Executing VM operation: RevokeBias
Event: 1.772 Executing VM operation: RevokeBias done


Dynamic libraries:
0x00007fff57feb000 	/usr/lib/libz.1.dylib
0x000000010d8ee000 	/Users/juancgalan/.sdkman/candidates/java/12.0.2-open/lib/libjli.dylib
0x00007fff2c159000 	/System/Library/Frameworks/Cocoa.framework/Versions/A/Cocoa
0x00007fff37efd000 	/System/Library/Frameworks/Security.framework/Versions/A/Security
0x00007fff2adec000 	/System/Library/Frameworks/ApplicationServices.framework/Versions/A/ApplicationServices
0x00007fff55945000 	/usr/lib/libSystem.B.dylib
0x00007fff587e1000 	/usr/lib/system/libcache.dylib
0x00007fff587e6000 	/usr/lib/system/libcommonCrypto.dylib
0x00007fff587f1000 	/usr/lib/system/libcompiler_rt.dylib
0x00007fff587f9000 	/usr/lib/system/libcopyfile.dylib
0x00007fff58803000 	/usr/lib/system/libcorecrypto.dylib
0x00007fff5890e000 	/usr/lib/system/libdispatch.dylib
0x00007fff58948000 	/usr/lib/system/libdyld.dylib
0x00007fff58975000 	/usr/lib/system/libkeymgr.dylib
0x00007fff58983000 	/usr/lib/system/liblaunch.dylib
0x00007fff58984000 	/usr/lib/system/libmacho.dylib
0x00007fff5898a000 	/usr/lib/system/libquarantine.dylib
0x00007fff5898d000 	/usr/lib/system/libremovefile.dylib
0x00007fff5898f000 	/usr/lib/system/libsystem_asl.dylib
0x00007fff589a7000 	/usr/lib/system/libsystem_blocks.dylib
0x00007fff589a8000 	/usr/lib/system/libsystem_c.dylib
0x00007fff58a30000 	/usr/lib/system/libsystem_configuration.dylib
0x00007fff58a34000 	/usr/lib/system/libsystem_coreservices.dylib
0x00007fff58a38000 	/usr/lib/system/libsystem_darwin.dylib
0x00007fff58a3f000 	/usr/lib/system/libsystem_dnssd.dylib
0x00007fff58a46000 	/usr/lib/system/libsystem_info.dylib
0x00007fff58abb000 	/usr/lib/system/libsystem_m.dylib
0x00007fff58b07000 	/usr/lib/system/libsystem_malloc.dylib
0x00007fff58b32000 	/usr/lib/system/libsystem_networkextension.dylib
0x00007fff58b3d000 	/usr/lib/system/libsystem_notify.dylib
0x00007fff58b5a000 	/usr/lib/system/libsystem_sandbox.dylib
0x00007fff58b5e000 	/usr/lib/system/libsystem_secinit.dylib
0x00007fff58a92000 	/usr/lib/system/libsystem_kernel.dylib
0x00007fff58b45000 	/usr/lib/system/libsystem_platform.dylib
0x00007fff58b4f000 	/usr/lib/system/libsystem_pthread.dylib
0x00007fff58b61000 	/usr/lib/system/libsystem_symptoms.dylib
0x00007fff58b69000 	/usr/lib/system/libsystem_trace.dylib
0x00007fff58b80000 	/usr/lib/system/libunwind.dylib
0x00007fff58b86000 	/usr/lib/system/libxpc.dylib
0x00007fff5717c000 	/usr/lib/libobjc.A.dylib
0x00007fff55bdc000 	/usr/lib/libc++abi.dylib
0x00007fff55b88000 	/usr/lib/libc++.1.dylib
0x00007fff2c9ce000 	/System/Library/Frameworks/CoreFoundation.framework/Versions/A/CoreFoundation
0x00007fff2ec50000 	/System/Library/Frameworks/Foundation.framework/Versions/C/Foundation
0x00007fff29fe5000 	/System/Library/Frameworks/AppKit.framework/Versions/C/AppKit
0x00007fff2c557000 	/System/Library/Frameworks/CoreData.framework/Versions/A/CoreData
0x00007fff4f40b000 	/System/Library/PrivateFrameworks/RemoteViewServices.framework/Versions/A/RemoteViewServices
0x00007fff53682000 	/System/Library/PrivateFrameworks/UIFoundation.framework/Versions/A/UIFoundation
0x00007fff54d66000 	/System/Library/PrivateFrameworks/XCTTargetBootstrap.framework/Versions/A/XCTTargetBootstrap
0x00007fff2c8dd000 	/System/Library/Frameworks/CoreDisplay.framework/Versions/A/CoreDisplay
0x00007fff4a145000 	/System/Library/PrivateFrameworks/IconServices.framework/Versions/A/IconServices
0x00007fff31571000 	/System/Library/Frameworks/Metal.framework/Versions/A/Metal
0x00007fff41688000 	/System/Library/PrivateFrameworks/DesktopServicesPriv.framework/Versions/A/DesktopServicesPriv
0x00007fff564df000 	/usr/lib/libenergytrace.dylib
0x00007fff51b69000 	/System/Library/PrivateFrameworks/SkyLight.framework/Versions/A/SkyLight
0x00007fff2ce14000 	/System/Library/Frameworks/CoreGraphics.framework/Versions/A/CoreGraphics
0x00007fff28db1000 	/System/Library/Frameworks/Accelerate.framework/Versions/A/Accelerate
0x00007fff2f399000 	/System/Library/Frameworks/IOSurface.framework/Versions/A/IOSurface
0x00007fff414f4000 	/System/Library/PrivateFrameworks/DFRFoundation.framework/Versions/A/DFRFoundation
0x00007fff2b2cf000 	/System/Library/Frameworks/AudioToolbox.framework/Versions/A/AudioToolbox
0x00007fff2b548000 	/System/Library/Frameworks/AudioUnit.framework/Versions/A/AudioUnit
0x00007fff41589000 	/System/Library/PrivateFrameworks/DataDetectorsCore.framework/Versions/A/DataDetectorsCore
0x00007fff2bc5c000 	/System/Library/Frameworks/Carbon.framework/Versions/A/Frameworks/HIToolbox.framework/Versions/A/HIToolbox
0x00007fff56638000 	/usr/lib/libicucore.A.dylib
0x00007fff37470000 	/System/Library/Frameworks/QuartzCore.framework/Versions/A/QuartzCore
0x00007fff2c031000 	/System/Library/Frameworks/Carbon.framework/Versions/A/Frameworks/SpeechRecognition.framework/Versions/A/SpeechRecognition
0x00007fff55a99000 	/usr/lib/libauto.dylib
0x00007fff57edf000 	/usr/lib/libxml2.2.dylib
0x00007fff410cf000 	/System/Library/PrivateFrameworks/CoreUI.framework/Versions/A/CoreUI
0x00007fff2c442000 	/System/Library/Frameworks/CoreAudio.framework/Versions/A/CoreAudio
0x00007fff2ea85000 	/System/Library/Frameworks/DiskArbitration.framework/Versions/A/DiskArbitration
0x00007fff568e6000 	/usr/lib/liblangid.dylib
0x00007fff4b550000 	/System/Library/PrivateFrameworks/MultitouchSupport.framework/Versions/A/MultitouchSupport
0x00007fff2f308000 	/System/Library/Frameworks/IOKit.framework/Versions/A/IOKit
0x00007fff55505000 	/usr/lib/libDiagnosticMessagesClient.dylib
0x00007fff2dc23000 	/System/Library/Frameworks/CoreServices.framework/Versions/A/CoreServices
0x00007fff4d20a000 	/System/Library/PrivateFrameworks/PerformanceAnalysis.framework/Versions/A/PerformanceAnalysis
0x00007fff3665e000 	/System/Library/Frameworks/OpenGL.framework/Versions/A/OpenGL
0x00007fff2c167000 	/System/Library/Frameworks/ColorSync.framework/Versions/A/ColorSync
0x00007fff2d4a5000 	/System/Library/Frameworks/CoreImage.framework/Versions/A/CoreImage
0x00007fff2e5fb000 	/System/Library/Frameworks/CoreText.framework/Versions/A/CoreText
0x00007fff2f3fc000 	/System/Library/Frameworks/ImageIO.framework/Versions/A/ImageIO
0x00007fff3d721000 	/System/Library/PrivateFrameworks/Backup.framework/Versions/A/Backup
0x00007fff559ec000 	/usr/lib/libarchive.2.dylib
0x00007fff2b8a1000 	/System/Library/Frameworks/CFNetwork.framework/Versions/A/CFNetwork
0x00007fff38659000 	/System/Library/Frameworks/SystemConfiguration.framework/Versions/A/SystemConfiguration
0x00007fff55436000 	/usr/lib/libCRFSuite.dylib
0x00007fff55b69000 	/usr/lib/libbsm.0.dylib
0x00007fff58976000 	/usr/lib/system/libkxld.dylib
0x00007fff3cb12000 	/System/Library/PrivateFrameworks/AppleFSCompression.framework/Versions/A/AppleFSCompression
0x00007fff55805000 	/usr/lib/libOpenScriptingUtil.dylib
0x00007fff55e91000 	/usr/lib/libcoretls.dylib
0x00007fff55ea8000 	/usr/lib/libcoretls_cfhelpers.dylib
0x00007fff57913000 	/usr/lib/libpam.2.dylib
0x00007fff57ad3000 	/usr/lib/libsqlite3.dylib
0x00007fff57ecd000 	/usr/lib/libxar.1.dylib
0x00007fff55b7a000 	/usr/lib/libbz2.1.0.dylib
0x00007fff568e8000 	/usr/lib/liblzma.5.dylib
0x00007fff56d99000 	/usr/lib/libnetwork.dylib
0x00007fff559d5000 	/usr/lib/libapple_nghttp2.dylib
0x00007fff5791a000 	/usr/lib/libpcap.A.dylib
0x00007fff2dfc2000 	/System/Library/Frameworks/CoreServices.framework/Versions/A/Frameworks/FSEvents.framework/Versions/A/FSEvents
0x00007fff2dca1000 	/System/Library/Frameworks/CoreServices.framework/Versions/A/Frameworks/CarbonCore.framework/Versions/A/CarbonCore
0x00007fff2e17d000 	/System/Library/Frameworks/CoreServices.framework/Versions/A/Frameworks/Metadata.framework/Versions/A/Metadata
0x00007fff2e21c000 	/System/Library/Frameworks/CoreServices.framework/Versions/A/Frameworks/OSServices.framework/Versions/A/OSServices
0x00007fff2e267000 	/System/Library/Frameworks/CoreServices.framework/Versions/A/Frameworks/SearchKit.framework/Versions/A/SearchKit
0x00007fff2dc24000 	/System/Library/Frameworks/CoreServices.framework/Versions/A/Frameworks/AE.framework/Versions/A/AE
0x00007fff2dfcb000 	/System/Library/Frameworks/CoreServices.framework/Versions/A/Frameworks/LaunchServices.framework/Versions/A/LaunchServices
0x00007fff2df79000 	/System/Library/Frameworks/CoreServices.framework/Versions/A/Frameworks/DictionaryServices.framework/Versions/A/DictionaryServices
0x00007fff2e2cf000 	/System/Library/Frameworks/CoreServices.framework/Versions/A/Frameworks/SharedFileList.framework/Versions/A/SharedFileList
0x00007fff32639000 	/System/Library/Frameworks/NetFS.framework/Versions/A/NetFS
0x00007fff4b7b6000 	/System/Library/PrivateFrameworks/NetAuth.framework/Versions/A/NetAuth
0x00007fff5516a000 	/System/Library/PrivateFrameworks/login.framework/Versions/A/Frameworks/loginsupport.framework/Versions/A/loginsupport
0x00007fff5328b000 	/System/Library/PrivateFrameworks/TCC.framework/Versions/A/TCC
0x00007fff4072c000 	/System/Library/PrivateFrameworks/CoreNLP.framework/Versions/A/CoreNLP
0x00007fff4b24b000 	/System/Library/PrivateFrameworks/MetadataUtilities.framework/Versions/A/MetadataUtilities
0x00007fff569bd000 	/usr/lib/libmecabra.dylib
0x00007fff2aded000 	/System/Library/Frameworks/ApplicationServices.framework/Versions/A/Frameworks/ATS.framework/Versions/A/ATS
0x00007fff2b13c000 	/System/Library/Frameworks/ApplicationServices.framework/Versions/A/Frameworks/ColorSyncLegacy.framework/Versions/A/ColorSyncLegacy
0x00007fff2b1db000 	/System/Library/Frameworks/ApplicationServices.framework/Versions/A/Frameworks/HIServices.framework/Versions/A/HIServices
0x00007fff2b22e000 	/System/Library/Frameworks/ApplicationServices.framework/Versions/A/Frameworks/LangAnalysis.framework/Versions/A/LangAnalysis
0x00007fff2b23e000 	/System/Library/Frameworks/ApplicationServices.framework/Versions/A/Frameworks/PrintCore.framework/Versions/A/PrintCore
0x00007fff2b288000 	/System/Library/Frameworks/ApplicationServices.framework/Versions/A/Frameworks/QD.framework/Versions/A/QD
0x00007fff2b2c2000 	/System/Library/Frameworks/ApplicationServices.framework/Versions/A/Frameworks/SpeechSynthesis.framework/Versions/A/SpeechSynthesis
0x00007fff55c04000 	/usr/lib/libcompression.dylib
0x00007fff31841000 	/System/Library/Frameworks/MetalPerformanceShaders.framework/Versions/A/MetalPerformanceShaders
0x00007fff28dc9000 	/System/Library/Frameworks/Accelerate.framework/Versions/A/Frameworks/vImage.framework/Versions/A/vImage
0x00007fff29e43000 	/System/Library/Frameworks/Accelerate.framework/Versions/A/Frameworks/vecLib.framework/Versions/A/vecLib
0x00007fff29d8f000 	/System/Library/Frameworks/Accelerate.framework/Versions/A/Frameworks/vecLib.framework/Versions/A/libvMisc.dylib
0x00007fff29ba7000 	/System/Library/Frameworks/Accelerate.framework/Versions/A/Frameworks/vecLib.framework/Versions/A/libvDSP.dylib
0x00007fff29463000 	/System/Library/Frameworks/Accelerate.framework/Versions/A/Frameworks/vecLib.framework/Versions/A/libBLAS.dylib
0x00007fff29750000 	/System/Library/Frameworks/Accelerate.framework/Versions/A/Frameworks/vecLib.framework/Versions/A/libLAPACK.dylib
0x00007fff29afa000 	/System/Library/Frameworks/Accelerate.framework/Versions/A/Frameworks/vecLib.framework/Versions/A/libLinearAlgebra.dylib
0x00007fff29b93000 	/System/Library/Frameworks/Accelerate.framework/Versions/A/Frameworks/vecLib.framework/Versions/A/libSparseBLAS.dylib
0x00007fff29b10000 	/System/Library/Frameworks/Accelerate.framework/Versions/A/Frameworks/vecLib.framework/Versions/A/libQuadrature.dylib
0x00007fff296dd000 	/System/Library/Frameworks/Accelerate.framework/Versions/A/Frameworks/vecLib.framework/Versions/A/libBNNS.dylib
0x00007fff29b16000 	/System/Library/Frameworks/Accelerate.framework/Versions/A/Frameworks/vecLib.framework/Versions/A/libSparse.dylib
0x00007fff47a7a000 	/System/Library/PrivateFrameworks/GPUWrangler.framework/Versions/A/GPUWrangler
0x00007fff49d7a000 	/System/Library/PrivateFrameworks/IOAccelerator.framework/Versions/A/IOAccelerator
0x00007fff49d85000 	/System/Library/PrivateFrameworks/IOPresentment.framework/Versions/A/IOPresentment
0x00007fff41504000 	/System/Library/PrivateFrameworks/DSExternalDisplay.framework/Versions/A/DSExternalDisplay
0x00007fff35ab5000 	/System/Library/Frameworks/OpenGL.framework/Versions/A/Libraries/libCoreFSCache.dylib
0x00007fff31635000 	/System/Library/Frameworks/MetalPerformanceShaders.framework/Frameworks/MPSCore.framework/Versions/A/MPSCore
0x00007fff31655000 	/System/Library/Frameworks/MetalPerformanceShaders.framework/Frameworks/MPSImage.framework/Versions/A/MPSImage
0x00007fff316fa000 	/System/Library/Frameworks/MetalPerformanceShaders.framework/Frameworks/MPSNeuralNetwork.framework/Versions/A/MPSNeuralNetwork
0x00007fff316d2000 	/System/Library/Frameworks/MetalPerformanceShaders.framework/Frameworks/MPSMatrix.framework/Versions/A/MPSMatrix
0x00007fff31826000 	/System/Library/Frameworks/MetalPerformanceShaders.framework/Frameworks/MPSRayIntersector.framework/Versions/A/MPSRayIntersector
0x00007fff4b274000 	/System/Library/PrivateFrameworks/MetalTools.framework/Versions/A/MetalTools
0x00007fff3c3bc000 	/System/Library/PrivateFrameworks/AggregateDictionary.framework/Versions/A/AggregateDictionary
0x00007fff557e5000 	/usr/lib/libMobileGestalt.dylib
0x00007fff2e75e000 	/System/Library/Frameworks/CoreVideo.framework/Versions/A/CoreVideo
0x00007fff4888b000 	/System/Library/PrivateFrameworks/GraphVisualizer.framework/Versions/A/GraphVisualizer
0x00007fff4270a000 	/System/Library/PrivateFrameworks/FaceCore.framework/Versions/A/FaceCore
0x00007fff350e3000 	/System/Library/Frameworks/OpenCL.framework/Versions/A/OpenCL
0x00007fff5553d000 	/usr/lib/libFosl_dynamic.dylib
0x00007fff4c021000 	/System/Library/PrivateFrameworks/OTSVG.framework/Versions/A/OTSVG
0x00007fff2aef1000 	/System/Library/Frameworks/ApplicationServices.framework/Versions/A/Frameworks/ATS.framework/Versions/A/Resources/libFontParser.dylib
0x00007fff2b009000 	/System/Library/Frameworks/ApplicationServices.framework/Versions/A/Frameworks/ATS.framework/Versions/A/Resources/libFontRegistry.dylib
0x00007fff2f66a000 	/System/Library/Frameworks/ImageIO.framework/Versions/A/Resources/libJPEG.dylib
0x00007fff2f97c000 	/System/Library/Frameworks/ImageIO.framework/Versions/A/Resources/libTIFF.dylib
0x00007fff2f952000 	/System/Library/Frameworks/ImageIO.framework/Versions/A/Resources/libPng.dylib
0x00007fff2f588000 	/System/Library/Frameworks/ImageIO.framework/Versions/A/Resources/libGIF.dylib
0x00007fff2f58d000 	/System/Library/Frameworks/ImageIO.framework/Versions/A/Resources/libJP2.dylib
0x00007fff2f979000 	/System/Library/Frameworks/ImageIO.framework/Versions/A/Resources/libRadiance.dylib
0x00007fff3cc69000 	/System/Library/PrivateFrameworks/AppleJPEG.framework/Versions/A/AppleJPEG
0x00007fff35ac0000 	/System/Library/Frameworks/OpenGL.framework/Versions/A/Libraries/libGFXShared.dylib
0x00007fff35c83000 	/System/Library/Frameworks/OpenGL.framework/Versions/A/Libraries/libGLU.dylib
0x00007fff35ac9000 	/System/Library/Frameworks/OpenGL.framework/Versions/A/Libraries/libGL.dylib
0x00007fff35ad5000 	/System/Library/Frameworks/OpenGL.framework/Versions/A/Libraries/libGLImage.dylib
0x00007fff35ab2000 	/System/Library/Frameworks/OpenGL.framework/Versions/A/Libraries/libCVMSPluginSupport.dylib
0x00007fff35abb000 	/System/Library/Frameworks/OpenGL.framework/Versions/A/Libraries/libCoreVMClient.dylib
0x00007fff56355000 	/usr/lib/libcups.2.dylib
0x00007fff30b3c000 	/System/Library/Frameworks/Kerberos.framework/Versions/A/Kerberos
0x00007fff2f06c000 	/System/Library/Frameworks/GSS.framework/Versions/A/GSS
0x00007fff57a68000 	/usr/lib/libresolv.9.dylib
0x00007fff56547000 	/usr/lib/libiconv.2.dylib
0x00007fff48a00000 	/System/Library/PrivateFrameworks/Heimdal.framework/Versions/A/Heimdal
0x00007fff56517000 	/usr/lib/libheimdal-asn1.dylib
0x00007fff35157000 	/System/Library/Frameworks/OpenDirectory.framework/Versions/A/OpenDirectory
0x00007fff3f48f000 	/System/Library/PrivateFrameworks/CommonAuth.framework/Versions/A/CommonAuth
0x00007fff3513b000 	/System/Library/Frameworks/OpenDirectory.framework/Versions/A/Frameworks/CFOpenDirectory.framework/Versions/A/CFOpenDirectory
0x00007fff381fe000 	/System/Library/Frameworks/SecurityFoundation.framework/Versions/A/SecurityFoundation
0x00007fff3b902000 	/System/Library/PrivateFrameworks/APFS.framework/Versions/A/APFS
0x00007fff57ec9000 	/usr/lib/libutil.dylib
0x00007fff55bf2000 	/usr/lib/libcharset.1.dylib
0x00007fff3cf06000 	/System/Library/PrivateFrameworks/AppleSauce.framework/Versions/A/AppleSauce
0x00007fff3d087000 	/System/Library/PrivateFrameworks/AssertionServices.framework/Versions/A/AssertionServices
0x00007fff3d7b7000 	/System/Library/PrivateFrameworks/BaseBoard.framework/Versions/A/BaseBoard
0x00007fff56918000 	/usr/lib/libmecab.1.0.0.dylib
0x00007fff56511000 	/usr/lib/libgermantok.dylib
0x00007fff559c2000 	/usr/lib/libThaiTokenizer.dylib
0x00007fff5546d000 	/usr/lib/libChineseTokenizer.dylib
0x00007fff4a432000 	/System/Library/PrivateFrameworks/LanguageModeling.framework/Versions/A/LanguageModeling
0x00007fff40171000 	/System/Library/PrivateFrameworks/CoreEmoji.framework/Versions/A/CoreEmoji
0x00007fff4a50e000 	/System/Library/PrivateFrameworks/Lexicon.framework/Versions/A/Lexicon
0x00007fff4a551000 	/System/Library/PrivateFrameworks/LinguisticData.framework/Versions/A/LinguisticData
0x00007fff55bf3000 	/usr/lib/libcmph.dylib
0x00007fff382bc000 	/System/Library/Frameworks/ServiceManagement.framework/Versions/A/ServiceManagement
0x00007fff3d718000 	/System/Library/PrivateFrameworks/BackgroundTaskManagement.framework/Versions/A/BackgroundTaskManagement
0x00007fff57fc2000 	/usr/lib/libxslt.1.dylib
0x00007fff2bf5e000 	/System/Library/Frameworks/Carbon.framework/Versions/A/Frameworks/Ink.framework/Versions/A/Ink
0x00007fff534fd000 	/System/Library/PrivateFrameworks/TextureIO.framework/Versions/A/TextureIO
0x00007fff55a16000 	/usr/lib/libate.dylib
0x00007fff41453000 	/System/Library/PrivateFrameworks/CrashReporterSupport.framework/Versions/A/CrashReporterSupport
0x00007fff50c37000 	/System/Library/PrivateFrameworks/Sharing.framework/Versions/A/Sharing
0x00007fff3d46a000 	/System/Library/PrivateFrameworks/AuthKit.framework/Versions/A/AuthKit
0x00007fff3c9be000 	/System/Library/PrivateFrameworks/Apple80211.framework/Versions/A/Apple80211
0x00007fff411fb000 	/System/Library/PrivateFrameworks/CoreUtils.framework/Versions/A/CoreUtils
0x00007fff2e79f000 	/System/Library/Frameworks/CoreWLAN.framework/Versions/A/CoreWLAN
0x00007fff2f19b000 	/System/Library/Frameworks/IOBluetooth.framework/Versions/A/IOBluetooth
0x00007fff4f0ab000 	/System/Library/PrivateFrameworks/ProtocolBuffer.framework/Versions/A/ProtocolBuffer
0x00007fff4b4ac000 	/System/Library/PrivateFrameworks/MobileKeyBag.framework/Versions/A/MobileKeyBag
0x00007fff40a3f000 	/System/Library/PrivateFrameworks/CorePhoneNumbers.framework/Versions/A/CorePhoneNumbers
0x00007fff3cc1d000 	/System/Library/PrivateFrameworks/AppleIDAuthSupport.framework/Versions/A/AppleIDAuthSupport
0x00007fff4a405000 	/System/Library/PrivateFrameworks/KeychainCircle.framework/Versions/A/KeychainCircle
0x00007fff4f261000 	/System/Library/PrivateFrameworks/ROCKit.framework/Versions/A/ROCKit
0x00007fff413ef000 	/System/Library/PrivateFrameworks/CoreWiFi.framework/Versions/A/CoreWiFi
0x00007fff2c52c000 	/System/Library/Frameworks/CoreBluetooth.framework/Versions/A/CoreBluetooth
0x00007fff4164a000 	/System/Library/PrivateFrameworks/DebugSymbols.framework/Versions/A/DebugSymbols
0x00007fff40fbb000 	/System/Library/PrivateFrameworks/CoreSymbolication.framework/Versions/A/CoreSymbolication
0x00007fff52d18000 	/System/Library/PrivateFrameworks/Symbolication.framework/Versions/A/Symbolication
0x00007fff525bb000 	/System/Library/PrivateFrameworks/SpeechRecognitionCore.framework/Versions/A/SpeechRecognitionCore
0x000000010d916000 	/Users/juancgalan/.sdkman/candidates/java/12.0.2-open/lib/server/libjvm.dylib
0x000000010e673000 	/Users/juancgalan/.sdkman/candidates/java/12.0.2-open/lib/libverify.dylib
0x000000010e67f000 	/Users/juancgalan/.sdkman/candidates/java/12.0.2-open/lib/libjava.dylib
0x000000010e704000 	/Users/juancgalan/.sdkman/candidates/java/12.0.2-open/lib/libzip.dylib
0x000000010e70c000 	/Users/juancgalan/.sdkman/candidates/java/12.0.2-open/lib/libjimage.dylib
0x000000010e7ea000 	/Users/juancgalan/.sdkman/candidates/java/12.0.2-open/lib/libnio.dylib
0x000000010fd31000 	/Users/juancgalan/.sdkman/candidates/java/12.0.2-open/lib/./libnet.dylib
0x000000012be28000 	/private/var/folders/0g/2qlt9q7j4fb1b4vc0m1mh6f40000gn/T/lwjgljuancgalan/3.2.2-build-10/liblwjgl.dylib
0x000000012becc000 	/var/folders/0g/2qlt9q7j4fb1b4vc0m1mh6f40000gn/T/lwjgljuancgalan/3.2.2-build-10/libglfw.dylib
0x00007fff40bc3000 	/System/Library/PrivateFrameworks/CoreServicesInternal.framework/Versions/A/CoreServicesInternal
0x00007fff544b5000 	/System/Library/PrivateFrameworks/ViewBridge.framework/Versions/A/ViewBridge
0x00007fff28db2000 	/System/Library/Frameworks/Accelerate.framework/Versions/A/Frameworks/vImage.framework/Versions/A/Libraries/libCGInterfaces.dylib
0x000000012c0d0000 	/usr/lib/libobjc-trampolines.dylib
0x00007fff2b0a5000 	/System/Library/Frameworks/ApplicationServices.framework/Versions/A/Frameworks/ATS.framework/Versions/A/Resources/libTrueTypeScaler.dylib
0x00007fff3666e000 	/System/Library/Frameworks/OpenGL.framework/Versions/A/Resources/GLEngine.bundle/GLEngine
0x00007fff35b10000 	/System/Library/Frameworks/OpenGL.framework/Versions/A/Libraries/libGLProgrammability.dylib
0x00007fff24bf8000 	/System/Library/Extensions/AppleIntelHD5000GraphicsGLDriver.bundle/Contents/MacOS/AppleIntelHD5000GraphicsGLDriver
0x00007fff47a6e000 	/System/Library/PrivateFrameworks/GPUSupport.framework/Versions/A/Libraries/libGPUSupportMercury.dylib
0x00007fff36806000 	/System/Library/Frameworks/OpenGL.framework/Versions/A/Resources/GLRendererFloat.bundle/GLRendererFloat
0x00007fff350da000 	/System/Library/Frameworks/OpenCL.framework/Versions/A/Libraries/libcldcpuengine.dylib
0x00007fff56047000 	/usr/lib/libcrypto.35.dylib
0x00007fff5367b000 	/System/Library/PrivateFrameworks/TrustEvaluationAgent.framework/Versions/A/TrustEvaluationAgent
0x0000000130134000 	/private/var/folders/0g/2qlt9q7j4fb1b4vc0m1mh6f40000gn/T/lwjgljuancgalan/3.2.2-build-10/liblwjgl_opengl.dylib
0x00007fff2510b000 	/System/Library/Extensions/AppleIntelHD5000GraphicsMTLDriver.bundle/Contents/MacOS/AppleIntelHD5000GraphicsMTLDriver
0x00007fff463d9000 	/System/Library/PrivateFrameworks/GPUCompiler.framework/Versions/3902/Libraries/libmetal_timestamp.dylib


VM Arguments:
jvm_args: -Dfile.encoding=UTF-8 -Duser.country=MX -Duser.language=en -Duser.variant 
java_command: oglib.App
java_class_path (initial): /Users/juancgalan/projects/java/src/github.com/zenathark/learnopengl-java/build/classes/java/main:/Users/juancgalan/projects/java/src/github.com/zenathark/learnopengl-java/build/classes/groovy/main:/Users/juancgalan/projects/java/src/github.com/zenathark/learnopengl-java/build/resources/main:/Users/juancgalan/.gradle/caches/modules-2/files-2.1/org.lwjgl/lwjgl-opengl/3.2.2/6ac5bb88b44c43ea195a570aab059f63da004cd8/lwjgl-opengl-3.2.2.jar:/Users/juancgalan/.gradle/caches/modules-2/files-2.1/org.lwjgl/lwjgl-opengl/3.2.2/d8dcdc91066cae2d2d8279cb4a9f9f05d9525826/lwjgl-opengl-3.2.2-natives-windows.jar:/Users/juancgalan/.gradle/caches/modules-2/files-2.1/org.lwjgl/lwjgl-opengl/3.2.2/338d33387919cb3f4cdba143c2b738a71ccfda60/lwjgl-opengl-3.2.2-natives-linux.jar:/Users/juancgalan/.gradle/caches/modules-2/files-2.1/org.lwjgl/lwjgl-opengl/3.2.2/cf4f43e69ee70d8ebfbb6ba93dec9016339e4fdc/lwjgl-opengl-3.2.2-natives-macos.jar:/Users/juancgalan/.gradle/caches/modules-2/files-2.1/org.lwjgl/lwjgl-glfw/3.2.2/d3ad4df38e400b8afba1de63f84338809399df5b/lwjgl-glfw-3.2.2.jar:/Users/juancgalan/.gradle/caches/modules-2/files-2.1/org.lwjgl/lwjgl-glfw/3.2.2/dc6826d636bf796b33a49038c354210e661bfc17/lwjgl-glfw-3.2.2-natives-windows.jar:/Users/juancgalan/.gradle/caches/modules-2/files-2.1/org.lwjgl/lwjgl-glfw/3.2.2/957733f26a6661d4883da0335f7ef46d3bbbd7d/lwjgl-glfw-3.2.2-natives-linux.jar:/Users/juancgalan/.gradle/caches/modules-2/files-2.1/org.lwjgl/lwjgl-glfw/3.2.2/98f745038d17ac3192fcd01dc44126b03ec1570d/lwjgl-glfw-3.2.2-natives-macos.jar:/Users/juancgalan/.gradle/caches/modules-2/files-2.1/org.lwjgl/lwjgl/3.2.2/8ad6294407e15780b43e84929c40e4c5e997972e/lwjgl-3.2.2.jar:/Users/juancgalan/.gradle/caches/modules-2/files-2.1/org.lwjgl/lwjgl/3.2.2/5359f3aa50d36352815fc662ea73e1c00d22170/lwjgl-3.2.2-natives-windows.jar:/Users/juancgalan/.gradle/caches/modules-2/files-2.1/org.lwjgl/lwjgl/3.2.2/ae7976827ca2a3741f6b9a843a89bacd637af350/lwjgl-3.2.2-natives-linux.jar:/Users/juancga
Launcher Type: SUN_STANDARD

[Global flags]
     intx CICompilerCount                          = 3                                         {product} {ergonomic}
     uint ConcGCThreads                            = 1                                         {product} {ergonomic}
     uint G1ConcRefinementThreads                  = 4                                         {product} {ergonomic}
   size_t G1HeapRegionSize                         = 1048576                                   {product} {ergonomic}
    uintx GCDrainStackTargetSize                   = 64                                        {product} {ergonomic}
   size_t InitialHeapSize                          = 67108864                                  {product} {ergonomic}
   size_t MarkStackSize                            = 4194304                                   {product} {ergonomic}
   size_t MaxHeapSize                              = 1073741824                                {product} {ergonomic}
   size_t MaxNewSize                               = 643825664                                 {product} {ergonomic}
   size_t MinHeapDeltaBytes                        = 1048576                                   {product} {ergonomic}
    uintx NonNMethodCodeHeapSize                   = 5830732                                {pd product} {ergonomic}
    uintx NonProfiledCodeHeapSize                  = 122913754                              {pd product} {ergonomic}
    uintx ProfiledCodeHeapSize                     = 122913754                              {pd product} {ergonomic}
    uintx ReservedCodeCacheSize                    = 251658240                              {pd product} {ergonomic}
     bool SegmentedCodeCache                       = true                                      {product} {ergonomic}
     bool UseCompressedClassPointers               = true                                 {lp64_product} {ergonomic}
     bool UseCompressedOops                        = true                                 {lp64_product} {ergonomic}
     bool UseG1GC                                  = true                                      {product} {ergonomic}

Logging:
Log output configuration:
 #0: stdout all=warning uptime,level,tags
 #1: stderr all=off uptime,level,tags

Environment Variables:
JAVA_HOME=/Users/juancgalan/.sdkman/candidates/java/current
PATH=/Applications/Julia-1.2.app/Contents/Resources/julia/bin:/Users/juancgalan/.pyenv/shims:/Users/juancgalan/.cargo/bin:/usr/local/bin:/usr/bin:/bin:/usr/sbin:/sbin:/Library/TeX/texbin:/usr/local/bin/nvim:/usr/local/share/dotnet:~/.dotnet/tools:/Library/Frameworks/Mono.framework/Versions/Current/Commands:/Users/juancgalan/.pyenv/bin:/Users/juancgalan/.rbenv/bin:/Users/juancgalan/.pyenv/shims:/Users/juancgalan/.cargo/bin:/Applications/Julia-1.2.app/Contents/Resources/julia/bin:/Users/juancgalan/.sdkman/candidates/scala/current/bin:/Users/juancgalan/.sdkman/candidates/sbt/current/bin:/Users/juancgalan/.sdkman/candidates/java/current/bin:/Users/juancgalan/.sdkman/candidates/gradle/current/bin:/usr/texbin:/Applications/Visual Studio Code.app/Contents/Resources/app/bin:/Applications/Julia-1.1.app/Contents/Resources/julia/bin:/Users/juancgalan/projects/golang/bin:/usr/local/opt/go/libexec/bin:/Users/juancgalan/.fzf/bin
SHELL=/usr/local/bin/zsh

Signal Handlers:
SIGSEGV: [libjvm.dylib+0x735568], sa_mask[0]=11111111011111110111111111111111, sa_flags=SA_ONSTACK|SA_RESTART|SA_SIGINFO
SIGBUS: [libjvm.dylib+0x735568], sa_mask[0]=11111111011111110111111111111111, sa_flags=SA_RESTART|SA_SIGINFO
SIGFPE: [libjvm.dylib+0x735568], sa_mask[0]=11111111011111110111111111111111, sa_flags=SA_RESTART|SA_SIGINFO
SIGPIPE: [libjvm.dylib+0x5dcfee], sa_mask[0]=11111111011111110111111111111111, sa_flags=SA_RESTART|SA_SIGINFO
SIGXFSZ: [libjvm.dylib+0x5dcfee], sa_mask[0]=11111111011111110111111111111111, sa_flags=SA_RESTART|SA_SIGINFO
SIGILL: [libjvm.dylib+0x735568], sa_mask[0]=11111111011111110111111111111111, sa_flags=SA_RESTART|SA_SIGINFO
SIGUSR2: [libjvm.dylib+0x5dd5d3], sa_mask[0]=00100000000000000000000000000000, sa_flags=SA_RESTART|SA_SIGINFO
SIGHUP: [libjvm.dylib+0x5dc293], sa_mask[0]=11111111011111110111111111111111, sa_flags=SA_RESTART|SA_SIGINFO
SIGINT: [libjvm.dylib+0x5dc293], sa_mask[0]=11111111011111110111111111111111, sa_flags=SA_RESTART|SA_SIGINFO
SIGTERM: [libjvm.dylib+0x5dc293], sa_mask[0]=11111111011111110111111111111111, sa_flags=SA_RESTART|SA_SIGINFO
SIGQUIT: [libjvm.dylib+0x5dc293], sa_mask[0]=11111111011111110111111111111111, sa_flags=SA_RESTART|SA_SIGINFO


---------------  S Y S T E M  ---------------

OS:uname:Darwin 18.7.0 Darwin Kernel Version 18.7.0: Tue Aug 20 16:57:14 PDT 2019; root:xnu-4903.271.2~2/RELEASE_X86_64 x86_64
rlimit: STACK 8192k, CORE 0k, NPROC 709, NOFILE 10240, AS infinity, DATA infinity, FSIZE infinity
load average:3.30 3.58 3.17

CPU:total 4 (initial active 4) (2 cores per cpu, 2 threads per core) family 6 model 69 stepping 1, cmov, cx8, fxsr, mmx, sse, sse2, sse3, ssse3, sse4.1, sse4.2, popcnt, avx, avx2, aes, clmul, erms, lzcnt, ht, tsc, tscinvbit, bmi1, bmi2, fma

Memory: 4k page, physical 4194304k(30060k free)

vm_info: OpenJDK 64-Bit Server VM (12.0.2+10) for bsd-amd64 JRE (12.0.2+10), built on Jul 16 2019 01:04:04 by "mach5one" with gcc 4.2.1 Compatible Apple LLVM 9.1.0 (clang-902.0.39.2)

END.
